{"uid":"4f2df880335a014e","name":"Komment törlése","fullName":"test.test_conduit.TestConduit#test_delete_comment","historyId":"b13abe8dea944e6ace929e59c359b78e","time":{"start":1682286663376,"stop":1682286668488,"duration":5112},"status":"broken","statusMessage":"selenium.common.exceptions.TimeoutException: Message: \nStacktrace:\n#0 0x556d934c4fe3 <unknown>\n#1 0x556d93203d36 <unknown>\n#2 0x556d93240c4d <unknown>\n#3 0x556d93240d61 <unknown>\n#4 0x556d9327c6a4 <unknown>\n#5 0x556d932618ed <unknown>\n#6 0x556d9327a232 <unknown>\n#7 0x556d93261693 <unknown>\n#8 0x556d9323403a <unknown>\n#9 0x556d9323517e <unknown>\n#10 0x556d93486dbd <unknown>\n#11 0x556d9348ac6c <unknown>\n#12 0x556d934944b0 <unknown>\n#13 0x556d9348bd63 <unknown>\n#14 0x556d9345ec35 <unknown>\n#15 0x556d934af138 <unknown>\n#16 0x556d934af2c7 <unknown>\n#17 0x556d934bd093 <unknown>\n#18 0x7fee8407bb43 <unknown>","statusTrace":"self = <test_conduit.TestConduit object at 0x7ff60ddfa020>\n\n    @allure.id('TC12')\n    @allure.title('Komment törlése')\n    def test_delete_comment(self):\n>       self.login(TEST_DATA_REGANDLOGIN_POS)\n\ntest/test_conduit.py:177: \n_ _ _ _ _ _ _ _ _ _ _ _ _ _ _ _ _ _ _ _ _ _ _ _ _ _ _ _ _ _ _ _ _ _ _ _ _ _ _ _ \ntest/test_conduit.py:58: in login\n    self.page.link_login().click()\ntest/conduit_page.py:35: in link_login\n    return WebDriverWait(self.browser, 5).until(\n_ _ _ _ _ _ _ _ _ _ _ _ _ _ _ _ _ _ _ _ _ _ _ _ _ _ _ _ _ _ _ _ _ _ _ _ _ _ _ _ \n\nself = <selenium.webdriver.support.wait.WebDriverWait (session=\"8f67a6515b88d12e8b8ac9bc121dbcce\")>\nmethod = <function presence_of_element_located.<locals>._predicate at 0x7ff60cb3a5f0>\nmessage = ''\n\n    def until(self, method, message: str = \"\"):\n        \"\"\"Calls the method provided with the driver as an argument until the \\\n        return value does not evaluate to ``False``.\n    \n        :param method: callable(WebDriver)\n        :param message: optional message for :exc:`TimeoutException`\n        :returns: the result of the last call to `method`\n        :raises: :exc:`selenium.common.exceptions.TimeoutException` if timeout occurs\n        \"\"\"\n        screen = None\n        stacktrace = None\n    \n        end_time = time.monotonic() + self._timeout\n        while True:\n            try:\n                value = method(self._driver)\n                if value:\n                    return value\n            except self._ignored_exceptions as exc:\n                screen = getattr(exc, \"screen\", None)\n                stacktrace = getattr(exc, \"stacktrace\", None)\n            time.sleep(self._poll)\n            if time.monotonic() > end_time:\n                break\n>       raise TimeoutException(message, screen, stacktrace)\nE       selenium.common.exceptions.TimeoutException: Message: \nE       Stacktrace:\nE       #0 0x556d934c4fe3 <unknown>\nE       #1 0x556d93203d36 <unknown>\nE       #2 0x556d93240c4d <unknown>\nE       #3 0x556d93240d61 <unknown>\nE       #4 0x556d9327c6a4 <unknown>\nE       #5 0x556d932618ed <unknown>\nE       #6 0x556d9327a232 <unknown>\nE       #7 0x556d93261693 <unknown>\nE       #8 0x556d9323403a <unknown>\nE       #9 0x556d9323517e <unknown>\nE       #10 0x556d93486dbd <unknown>\nE       #11 0x556d9348ac6c <unknown>\nE       #12 0x556d934944b0 <unknown>\nE       #13 0x556d9348bd63 <unknown>\nE       #14 0x556d9345ec35 <unknown>\nE       #15 0x556d934af138 <unknown>\nE       #16 0x556d934af2c7 <unknown>\nE       #17 0x556d934bd093 <unknown>\nE       #18 0x7fee8407bb43 <unknown>\n\n/opt/hostedtoolcache/Python/3.10.11/x64/lib/python3.10/site-packages/selenium/webdriver/support/wait.py:95: TimeoutException","flaky":false,"newFailed":false,"newBroken":false,"newPassed":false,"retriesCount":0,"retriesStatusChange":false,"beforeStages":[{"name":"_xunit_setup_method_fixture_TestConduit","time":{"start":1682286662295,"stop":1682286663375,"duration":1080},"status":"passed","steps":[],"attachments":[],"parameters":[],"stepsCount":0,"attachmentsCount":0,"shouldDisplayMessage":false,"hasContent":false}],"afterStages":[{"name":"_xunit_setup_method_fixture_TestConduit::0","time":{"start":1682286668502,"stop":1682286668560,"duration":58},"status":"passed","steps":[],"attachments":[],"parameters":[],"stepsCount":0,"attachmentsCount":0,"shouldDisplayMessage":false,"hasContent":false}],"labels":[{"name":"as_id","value":"TC12"},{"name":"parentSuite","value":"test"},{"name":"suite","value":"test_conduit"},{"name":"subSuite","value":"TestConduit"},{"name":"host","value":"fv-az1256-411"},{"name":"thread","value":"3062-MainThread"},{"name":"framework","value":"pytest"},{"name":"language","value":"cpython3"},{"name":"package","value":"test.test_conduit"},{"name":"resultFormat","value":"allure2"}],"parameters":[],"links":[],"hidden":false,"retry":false,"extra":{"severity":"normal","retries":[],"categories":[{"name":"Test defects","matchedStatuses":[],"flaky":false}],"tags":[]},"source":"4f2df880335a014e.json","parameterValues":[]}