{"uid":"8516248d82648b65","name":"Kijelentkezés","fullName":"test.test_conduit.TestConduit#test_logout_pos","historyId":"716b6f7a66bbb582548430b7b0bfead8","time":{"start":1682286632060,"stop":1682286637170,"duration":5110},"status":"broken","statusMessage":"selenium.common.exceptions.TimeoutException: Message: \nStacktrace:\n#0 0x560597a24fe3 <unknown>\n#1 0x560597763d36 <unknown>\n#2 0x5605977a0c4d <unknown>\n#3 0x5605977a0d61 <unknown>\n#4 0x5605977dc6a4 <unknown>\n#5 0x5605977c18ed <unknown>\n#6 0x5605977da232 <unknown>\n#7 0x5605977c1693 <unknown>\n#8 0x56059779403a <unknown>\n#9 0x56059779517e <unknown>\n#10 0x5605979e6dbd <unknown>\n#11 0x5605979eac6c <unknown>\n#12 0x5605979f44b0 <unknown>\n#13 0x5605979ebd63 <unknown>\n#14 0x5605979bec35 <unknown>\n#15 0x560597a0f138 <unknown>\n#16 0x560597a0f2c7 <unknown>\n#17 0x560597a1d093 <unknown>\n#18 0x7fb09561ab43 <unknown>","statusTrace":"self = <test_conduit.TestConduit object at 0x7ff60ddfa3e0>\n\n    @allure.id('TC7')\n    @allure.title('Kijelentkezés')\n    def test_logout_pos(self):\n>       self.login(TEST_DATA_REGANDLOGIN_POS)\n\ntest/test_conduit.py:115: \n_ _ _ _ _ _ _ _ _ _ _ _ _ _ _ _ _ _ _ _ _ _ _ _ _ _ _ _ _ _ _ _ _ _ _ _ _ _ _ _ \ntest/test_conduit.py:58: in login\n    self.page.link_login().click()\ntest/conduit_page.py:35: in link_login\n    return WebDriverWait(self.browser, 5).until(\n_ _ _ _ _ _ _ _ _ _ _ _ _ _ _ _ _ _ _ _ _ _ _ _ _ _ _ _ _ _ _ _ _ _ _ _ _ _ _ _ \n\nself = <selenium.webdriver.support.wait.WebDriverWait (session=\"09def58cc01349ba7bdf2393202c8f5d\")>\nmethod = <function presence_of_element_located.<locals>._predicate at 0x7ff60dcb7d00>\nmessage = ''\n\n    def until(self, method, message: str = \"\"):\n        \"\"\"Calls the method provided with the driver as an argument until the \\\n        return value does not evaluate to ``False``.\n    \n        :param method: callable(WebDriver)\n        :param message: optional message for :exc:`TimeoutException`\n        :returns: the result of the last call to `method`\n        :raises: :exc:`selenium.common.exceptions.TimeoutException` if timeout occurs\n        \"\"\"\n        screen = None\n        stacktrace = None\n    \n        end_time = time.monotonic() + self._timeout\n        while True:\n            try:\n                value = method(self._driver)\n                if value:\n                    return value\n            except self._ignored_exceptions as exc:\n                screen = getattr(exc, \"screen\", None)\n                stacktrace = getattr(exc, \"stacktrace\", None)\n            time.sleep(self._poll)\n            if time.monotonic() > end_time:\n                break\n>       raise TimeoutException(message, screen, stacktrace)\nE       selenium.common.exceptions.TimeoutException: Message: \nE       Stacktrace:\nE       #0 0x560597a24fe3 <unknown>\nE       #1 0x560597763d36 <unknown>\nE       #2 0x5605977a0c4d <unknown>\nE       #3 0x5605977a0d61 <unknown>\nE       #4 0x5605977dc6a4 <unknown>\nE       #5 0x5605977c18ed <unknown>\nE       #6 0x5605977da232 <unknown>\nE       #7 0x5605977c1693 <unknown>\nE       #8 0x56059779403a <unknown>\nE       #9 0x56059779517e <unknown>\nE       #10 0x5605979e6dbd <unknown>\nE       #11 0x5605979eac6c <unknown>\nE       #12 0x5605979f44b0 <unknown>\nE       #13 0x5605979ebd63 <unknown>\nE       #14 0x5605979bec35 <unknown>\nE       #15 0x560597a0f138 <unknown>\nE       #16 0x560597a0f2c7 <unknown>\nE       #17 0x560597a1d093 <unknown>\nE       #18 0x7fb09561ab43 <unknown>\n\n/opt/hostedtoolcache/Python/3.10.11/x64/lib/python3.10/site-packages/selenium/webdriver/support/wait.py:95: TimeoutException","flaky":false,"newFailed":false,"newBroken":false,"newPassed":false,"retriesCount":0,"retriesStatusChange":false,"beforeStages":[{"name":"_xunit_setup_method_fixture_TestConduit","time":{"start":1682286630978,"stop":1682286632060,"duration":1082},"status":"passed","steps":[],"attachments":[],"parameters":[],"stepsCount":0,"attachmentsCount":0,"shouldDisplayMessage":false,"hasContent":false}],"afterStages":[{"name":"_xunit_setup_method_fixture_TestConduit::0","time":{"start":1682286637184,"stop":1682286637243,"duration":59},"status":"passed","steps":[],"attachments":[],"parameters":[],"stepsCount":0,"attachmentsCount":0,"shouldDisplayMessage":false,"hasContent":false}],"labels":[{"name":"as_id","value":"TC7"},{"name":"parentSuite","value":"test"},{"name":"suite","value":"test_conduit"},{"name":"subSuite","value":"TestConduit"},{"name":"host","value":"fv-az1256-411"},{"name":"thread","value":"3062-MainThread"},{"name":"framework","value":"pytest"},{"name":"language","value":"cpython3"},{"name":"package","value":"test.test_conduit"},{"name":"resultFormat","value":"allure2"}],"parameters":[],"links":[],"hidden":false,"retry":false,"extra":{"severity":"normal","retries":[],"categories":[{"name":"Test defects","matchedStatuses":[],"flaky":false}],"tags":[]},"source":"8516248d82648b65.json","parameterValues":[]}