{"uid":"91375da6d4d8d832","name":"Kommentelés sorozatos adatbeolvasással","fullName":"test.test_conduit.TestConduit#test_comments_from_file","historyId":"f014184b27a2fccc6a470abb8ee78e58","time":{"start":1682286657110,"stop":1682286662222,"duration":5112},"status":"broken","statusMessage":"selenium.common.exceptions.TimeoutException: Message: \nStacktrace:\n#0 0x557ba87e9fe3 <unknown>\n#1 0x557ba8528d36 <unknown>\n#2 0x557ba8565c4d <unknown>\n#3 0x557ba8565d61 <unknown>\n#4 0x557ba85a16a4 <unknown>\n#5 0x557ba85868ed <unknown>\n#6 0x557ba859f232 <unknown>\n#7 0x557ba8586693 <unknown>\n#8 0x557ba855903a <unknown>\n#9 0x557ba855a17e <unknown>\n#10 0x557ba87abdbd <unknown>\n#11 0x557ba87afc6c <unknown>\n#12 0x557ba87b94b0 <unknown>\n#13 0x557ba87b0d63 <unknown>\n#14 0x557ba8783c35 <unknown>\n#15 0x557ba87d4138 <unknown>\n#16 0x557ba87d42c7 <unknown>\n#17 0x557ba87e2093 <unknown>\n#18 0x7ffbe5f7eb43 <unknown>","statusTrace":"self = <test_conduit.TestConduit object at 0x7ff60ddf9930>\n\n    @allure.id('TC11')\n    @allure.title('Kommentelés sorozatos adatbeolvasással')\n    def test_comments_from_file(self):\n>       self.login(TEST_DATA_REGANDLOGIN_POS)\n\ntest/test_conduit.py:163: \n_ _ _ _ _ _ _ _ _ _ _ _ _ _ _ _ _ _ _ _ _ _ _ _ _ _ _ _ _ _ _ _ _ _ _ _ _ _ _ _ \ntest/test_conduit.py:58: in login\n    self.page.link_login().click()\ntest/conduit_page.py:35: in link_login\n    return WebDriverWait(self.browser, 5).until(\n_ _ _ _ _ _ _ _ _ _ _ _ _ _ _ _ _ _ _ _ _ _ _ _ _ _ _ _ _ _ _ _ _ _ _ _ _ _ _ _ \n\nself = <selenium.webdriver.support.wait.WebDriverWait (session=\"b88c906fdd7d10432531f5faa2a63c41\")>\nmethod = <function presence_of_element_located.<locals>._predicate at 0x7ff60ddf72e0>\nmessage = ''\n\n    def until(self, method, message: str = \"\"):\n        \"\"\"Calls the method provided with the driver as an argument until the \\\n        return value does not evaluate to ``False``.\n    \n        :param method: callable(WebDriver)\n        :param message: optional message for :exc:`TimeoutException`\n        :returns: the result of the last call to `method`\n        :raises: :exc:`selenium.common.exceptions.TimeoutException` if timeout occurs\n        \"\"\"\n        screen = None\n        stacktrace = None\n    \n        end_time = time.monotonic() + self._timeout\n        while True:\n            try:\n                value = method(self._driver)\n                if value:\n                    return value\n            except self._ignored_exceptions as exc:\n                screen = getattr(exc, \"screen\", None)\n                stacktrace = getattr(exc, \"stacktrace\", None)\n            time.sleep(self._poll)\n            if time.monotonic() > end_time:\n                break\n>       raise TimeoutException(message, screen, stacktrace)\nE       selenium.common.exceptions.TimeoutException: Message: \nE       Stacktrace:\nE       #0 0x557ba87e9fe3 <unknown>\nE       #1 0x557ba8528d36 <unknown>\nE       #2 0x557ba8565c4d <unknown>\nE       #3 0x557ba8565d61 <unknown>\nE       #4 0x557ba85a16a4 <unknown>\nE       #5 0x557ba85868ed <unknown>\nE       #6 0x557ba859f232 <unknown>\nE       #7 0x557ba8586693 <unknown>\nE       #8 0x557ba855903a <unknown>\nE       #9 0x557ba855a17e <unknown>\nE       #10 0x557ba87abdbd <unknown>\nE       #11 0x557ba87afc6c <unknown>\nE       #12 0x557ba87b94b0 <unknown>\nE       #13 0x557ba87b0d63 <unknown>\nE       #14 0x557ba8783c35 <unknown>\nE       #15 0x557ba87d4138 <unknown>\nE       #16 0x557ba87d42c7 <unknown>\nE       #17 0x557ba87e2093 <unknown>\nE       #18 0x7ffbe5f7eb43 <unknown>\n\n/opt/hostedtoolcache/Python/3.10.11/x64/lib/python3.10/site-packages/selenium/webdriver/support/wait.py:95: TimeoutException","flaky":false,"newFailed":false,"newBroken":false,"newPassed":false,"retriesCount":0,"retriesStatusChange":false,"beforeStages":[{"name":"_xunit_setup_method_fixture_TestConduit","time":{"start":1682286656010,"stop":1682286657109,"duration":1099},"status":"passed","steps":[],"attachments":[],"parameters":[],"stepsCount":0,"attachmentsCount":0,"shouldDisplayMessage":false,"hasContent":false}],"afterStages":[{"name":"_xunit_setup_method_fixture_TestConduit::0","time":{"start":1682286662237,"stop":1682286662293,"duration":56},"status":"passed","steps":[],"attachments":[],"parameters":[],"stepsCount":0,"attachmentsCount":0,"shouldDisplayMessage":false,"hasContent":false}],"labels":[{"name":"as_id","value":"TC11"},{"name":"parentSuite","value":"test"},{"name":"suite","value":"test_conduit"},{"name":"subSuite","value":"TestConduit"},{"name":"host","value":"fv-az1256-411"},{"name":"thread","value":"3062-MainThread"},{"name":"framework","value":"pytest"},{"name":"language","value":"cpython3"},{"name":"package","value":"test.test_conduit"},{"name":"resultFormat","value":"allure2"}],"parameters":[],"links":[],"hidden":false,"retry":false,"extra":{"severity":"normal","retries":[],"categories":[{"name":"Test defects","matchedStatuses":[],"flaky":false}],"tags":[]},"source":"91375da6d4d8d832.json","parameterValues":[]}