{"uid":"9161b9da21976069","name":"Posztok list치z치sa","fullName":"test.test_conduit.TestConduit#test_list_pos","historyId":"2e0c0a86942cd1f98f51c5553b1c1248","time":{"start":1682286638311,"stop":1682286643418,"duration":5107},"status":"broken","statusMessage":"selenium.common.exceptions.TimeoutException: Message: \nStacktrace:\n#0 0x56239e7aefe3 <unknown>\n#1 0x56239e4edd36 <unknown>\n#2 0x56239e52ac4d <unknown>\n#3 0x56239e52ad61 <unknown>\n#4 0x56239e5666a4 <unknown>\n#5 0x56239e54b8ed <unknown>\n#6 0x56239e564232 <unknown>\n#7 0x56239e54b693 <unknown>\n#8 0x56239e51e03a <unknown>\n#9 0x56239e51f17e <unknown>\n#10 0x56239e770dbd <unknown>\n#11 0x56239e774c6c <unknown>\n#12 0x56239e77e4b0 <unknown>\n#13 0x56239e775d63 <unknown>\n#14 0x56239e748c35 <unknown>\n#15 0x56239e799138 <unknown>\n#16 0x56239e7992c7 <unknown>\n#17 0x56239e7a7093 <unknown>\n#18 0x7f5dd2723b43 <unknown>","statusTrace":"self = <test_conduit.TestConduit object at 0x7ff60ddfa5f0>\n\n    @allure.id('TC8')\n    @allure.title('Posztok list치z치sa')\n    def test_list_pos(self):\n>       self.login(TEST_DATA_REGANDLOGIN_POS)\n\ntest/test_conduit.py:122: \n_ _ _ _ _ _ _ _ _ _ _ _ _ _ _ _ _ _ _ _ _ _ _ _ _ _ _ _ _ _ _ _ _ _ _ _ _ _ _ _ \ntest/test_conduit.py:58: in login\n    self.page.link_login().click()\ntest/conduit_page.py:35: in link_login\n    return WebDriverWait(self.browser, 5).until(\n_ _ _ _ _ _ _ _ _ _ _ _ _ _ _ _ _ _ _ _ _ _ _ _ _ _ _ _ _ _ _ _ _ _ _ _ _ _ _ _ \n\nself = <selenium.webdriver.support.wait.WebDriverWait (session=\"caa2b1859011c26b7faf13ea0c14251c\")>\nmethod = <function presence_of_element_located.<locals>._predicate at 0x7ff60dcb7d90>\nmessage = ''\n\n    def until(self, method, message: str = \"\"):\n        \"\"\"Calls the method provided with the driver as an argument until the \\\n        return value does not evaluate to ``False``.\n    \n        :param method: callable(WebDriver)\n        :param message: optional message for :exc:`TimeoutException`\n        :returns: the result of the last call to `method`\n        :raises: :exc:`selenium.common.exceptions.TimeoutException` if timeout occurs\n        \"\"\"\n        screen = None\n        stacktrace = None\n    \n        end_time = time.monotonic() + self._timeout\n        while True:\n            try:\n                value = method(self._driver)\n                if value:\n                    return value\n            except self._ignored_exceptions as exc:\n                screen = getattr(exc, \"screen\", None)\n                stacktrace = getattr(exc, \"stacktrace\", None)\n            time.sleep(self._poll)\n            if time.monotonic() > end_time:\n                break\n>       raise TimeoutException(message, screen, stacktrace)\nE       selenium.common.exceptions.TimeoutException: Message: \nE       Stacktrace:\nE       #0 0x56239e7aefe3 <unknown>\nE       #1 0x56239e4edd36 <unknown>\nE       #2 0x56239e52ac4d <unknown>\nE       #3 0x56239e52ad61 <unknown>\nE       #4 0x56239e5666a4 <unknown>\nE       #5 0x56239e54b8ed <unknown>\nE       #6 0x56239e564232 <unknown>\nE       #7 0x56239e54b693 <unknown>\nE       #8 0x56239e51e03a <unknown>\nE       #9 0x56239e51f17e <unknown>\nE       #10 0x56239e770dbd <unknown>\nE       #11 0x56239e774c6c <unknown>\nE       #12 0x56239e77e4b0 <unknown>\nE       #13 0x56239e775d63 <unknown>\nE       #14 0x56239e748c35 <unknown>\nE       #15 0x56239e799138 <unknown>\nE       #16 0x56239e7992c7 <unknown>\nE       #17 0x56239e7a7093 <unknown>\nE       #18 0x7f5dd2723b43 <unknown>\n\n/opt/hostedtoolcache/Python/3.10.11/x64/lib/python3.10/site-packages/selenium/webdriver/support/wait.py:95: TimeoutException","flaky":false,"newFailed":false,"newBroken":false,"newPassed":false,"retriesCount":0,"retriesStatusChange":false,"beforeStages":[{"name":"_xunit_setup_method_fixture_TestConduit","time":{"start":1682286637245,"stop":1682286638311,"duration":1066},"status":"passed","steps":[],"attachments":[],"parameters":[],"stepsCount":0,"attachmentsCount":0,"shouldDisplayMessage":false,"hasContent":false}],"afterStages":[{"name":"_xunit_setup_method_fixture_TestConduit::0","time":{"start":1682286643431,"stop":1682286643497,"duration":66},"status":"passed","steps":[],"attachments":[],"parameters":[],"stepsCount":0,"attachmentsCount":0,"shouldDisplayMessage":false,"hasContent":false}],"labels":[{"name":"as_id","value":"TC8"},{"name":"parentSuite","value":"test"},{"name":"suite","value":"test_conduit"},{"name":"subSuite","value":"TestConduit"},{"name":"host","value":"fv-az1256-411"},{"name":"thread","value":"3062-MainThread"},{"name":"framework","value":"pytest"},{"name":"language","value":"cpython3"},{"name":"package","value":"test.test_conduit"},{"name":"resultFormat","value":"allure2"}],"parameters":[],"links":[],"hidden":false,"retry":false,"extra":{"severity":"normal","retries":[],"categories":[{"name":"Test defects","matchedStatuses":[],"flaky":false}],"tags":[]},"source":"9161b9da21976069.json","parameterValues":[]}