{"uid":"aaaace031e9a1126","name":"Több oldalas lista bejárása","fullName":"test.test_conduit.TestConduit#test_list_multipage_pos","historyId":"6bc82766022a9b5dd532bb5e0da8ae01","time":{"start":1682286644559,"stop":1682286649669,"duration":5110},"status":"broken","statusMessage":"selenium.common.exceptions.TimeoutException: Message: \nStacktrace:\n#0 0x5573db578fe3 <unknown>\n#1 0x5573db2b7d36 <unknown>\n#2 0x5573db2f4c4d <unknown>\n#3 0x5573db2f4d61 <unknown>\n#4 0x5573db3306a4 <unknown>\n#5 0x5573db3158ed <unknown>\n#6 0x5573db32e232 <unknown>\n#7 0x5573db315693 <unknown>\n#8 0x5573db2e803a <unknown>\n#9 0x5573db2e917e <unknown>\n#10 0x5573db53adbd <unknown>\n#11 0x5573db53ec6c <unknown>\n#12 0x5573db5484b0 <unknown>\n#13 0x5573db53fd63 <unknown>\n#14 0x5573db512c35 <unknown>\n#15 0x5573db563138 <unknown>\n#16 0x5573db5632c7 <unknown>\n#17 0x5573db571093 <unknown>\n#18 0x7f0fafcb4b43 <unknown>","statusTrace":"self = <test_conduit.TestConduit object at 0x7ff60ddfa800>\n\n    @allure.id('TC9')\n    @allure.title('Több oldalas lista bejárása')\n    def test_list_multipage_pos(self):\n>       self.login(TEST_DATA_REGANDLOGIN_POS)\n\ntest/test_conduit.py:130: \n_ _ _ _ _ _ _ _ _ _ _ _ _ _ _ _ _ _ _ _ _ _ _ _ _ _ _ _ _ _ _ _ _ _ _ _ _ _ _ _ \ntest/test_conduit.py:58: in login\n    self.page.link_login().click()\ntest/conduit_page.py:35: in link_login\n    return WebDriverWait(self.browser, 5).until(\n_ _ _ _ _ _ _ _ _ _ _ _ _ _ _ _ _ _ _ _ _ _ _ _ _ _ _ _ _ _ _ _ _ _ _ _ _ _ _ _ \n\nself = <selenium.webdriver.support.wait.WebDriverWait (session=\"ff843baefd6f7ad53420b0f974f81208\")>\nmethod = <function presence_of_element_located.<locals>._predicate at 0x7ff60ddf72e0>\nmessage = ''\n\n    def until(self, method, message: str = \"\"):\n        \"\"\"Calls the method provided with the driver as an argument until the \\\n        return value does not evaluate to ``False``.\n    \n        :param method: callable(WebDriver)\n        :param message: optional message for :exc:`TimeoutException`\n        :returns: the result of the last call to `method`\n        :raises: :exc:`selenium.common.exceptions.TimeoutException` if timeout occurs\n        \"\"\"\n        screen = None\n        stacktrace = None\n    \n        end_time = time.monotonic() + self._timeout\n        while True:\n            try:\n                value = method(self._driver)\n                if value:\n                    return value\n            except self._ignored_exceptions as exc:\n                screen = getattr(exc, \"screen\", None)\n                stacktrace = getattr(exc, \"stacktrace\", None)\n            time.sleep(self._poll)\n            if time.monotonic() > end_time:\n                break\n>       raise TimeoutException(message, screen, stacktrace)\nE       selenium.common.exceptions.TimeoutException: Message: \nE       Stacktrace:\nE       #0 0x5573db578fe3 <unknown>\nE       #1 0x5573db2b7d36 <unknown>\nE       #2 0x5573db2f4c4d <unknown>\nE       #3 0x5573db2f4d61 <unknown>\nE       #4 0x5573db3306a4 <unknown>\nE       #5 0x5573db3158ed <unknown>\nE       #6 0x5573db32e232 <unknown>\nE       #7 0x5573db315693 <unknown>\nE       #8 0x5573db2e803a <unknown>\nE       #9 0x5573db2e917e <unknown>\nE       #10 0x5573db53adbd <unknown>\nE       #11 0x5573db53ec6c <unknown>\nE       #12 0x5573db5484b0 <unknown>\nE       #13 0x5573db53fd63 <unknown>\nE       #14 0x5573db512c35 <unknown>\nE       #15 0x5573db563138 <unknown>\nE       #16 0x5573db5632c7 <unknown>\nE       #17 0x5573db571093 <unknown>\nE       #18 0x7f0fafcb4b43 <unknown>\n\n/opt/hostedtoolcache/Python/3.10.11/x64/lib/python3.10/site-packages/selenium/webdriver/support/wait.py:95: TimeoutException","flaky":false,"newFailed":false,"newBroken":false,"newPassed":false,"retriesCount":0,"retriesStatusChange":false,"beforeStages":[{"name":"_xunit_setup_method_fixture_TestConduit","time":{"start":1682286643498,"stop":1682286644558,"duration":1060},"status":"passed","steps":[],"attachments":[],"parameters":[],"stepsCount":0,"attachmentsCount":0,"shouldDisplayMessage":false,"hasContent":false}],"afterStages":[{"name":"_xunit_setup_method_fixture_TestConduit::0","time":{"start":1682286649683,"stop":1682286649743,"duration":60},"status":"passed","steps":[],"attachments":[],"parameters":[],"stepsCount":0,"attachmentsCount":0,"shouldDisplayMessage":false,"hasContent":false}],"labels":[{"name":"as_id","value":"TC9"},{"name":"parentSuite","value":"test"},{"name":"suite","value":"test_conduit"},{"name":"subSuite","value":"TestConduit"},{"name":"host","value":"fv-az1256-411"},{"name":"thread","value":"3062-MainThread"},{"name":"framework","value":"pytest"},{"name":"language","value":"cpython3"},{"name":"package","value":"test.test_conduit"},{"name":"resultFormat","value":"allure2"}],"parameters":[],"links":[],"hidden":false,"retry":false,"extra":{"severity":"normal","retries":[],"categories":[{"name":"Test defects","matchedStatuses":[],"flaky":false}],"tags":[]},"source":"aaaace031e9a1126.json","parameterValues":[]}