{"uid":"aaff575394616286","name":"Bejelentkezés - Helytelen felhasználói adatokkal","fullName":"test.test_conduit.TestConduit#test_login_neg","historyId":"5459eb6ba8bf558377327f0e491d9866","time":{"start":1682286625798,"stop":1682286630908,"duration":5110},"status":"broken","statusMessage":"selenium.common.exceptions.TimeoutException: Message: \nStacktrace:\n#0 0x55a082219fe3 <unknown>\n#1 0x55a081f58d36 <unknown>\n#2 0x55a081f95c4d <unknown>\n#3 0x55a081f95d61 <unknown>\n#4 0x55a081fd16a4 <unknown>\n#5 0x55a081fb68ed <unknown>\n#6 0x55a081fcf232 <unknown>\n#7 0x55a081fb6693 <unknown>\n#8 0x55a081f8903a <unknown>\n#9 0x55a081f8a17e <unknown>\n#10 0x55a0821dbdbd <unknown>\n#11 0x55a0821dfc6c <unknown>\n#12 0x55a0821e94b0 <unknown>\n#13 0x55a0821e0d63 <unknown>\n#14 0x55a0821b3c35 <unknown>\n#15 0x55a082204138 <unknown>\n#16 0x55a0822042c7 <unknown>\n#17 0x55a082212093 <unknown>\n#18 0x7f3cfbcf5b43 <unknown>","statusTrace":"self = <test_conduit.TestConduit object at 0x7ff60ddfa320>\n\n    @allure.id('TC6')\n    @allure.title('Bejelentkezés - Helytelen felhasználói adatokkal')\n    def test_login_neg(self):\n>       self.page.link_login().click()\n\ntest/test_conduit.py:106: \n_ _ _ _ _ _ _ _ _ _ _ _ _ _ _ _ _ _ _ _ _ _ _ _ _ _ _ _ _ _ _ _ _ _ _ _ _ _ _ _ \ntest/conduit_page.py:35: in link_login\n    return WebDriverWait(self.browser, 5).until(\n_ _ _ _ _ _ _ _ _ _ _ _ _ _ _ _ _ _ _ _ _ _ _ _ _ _ _ _ _ _ _ _ _ _ _ _ _ _ _ _ \n\nself = <selenium.webdriver.support.wait.WebDriverWait (session=\"c93200eda112e4485ccea26ae6f832ea\")>\nmethod = <function presence_of_element_located.<locals>._predicate at 0x7ff60cb38ca0>\nmessage = ''\n\n    def until(self, method, message: str = \"\"):\n        \"\"\"Calls the method provided with the driver as an argument until the \\\n        return value does not evaluate to ``False``.\n    \n        :param method: callable(WebDriver)\n        :param message: optional message for :exc:`TimeoutException`\n        :returns: the result of the last call to `method`\n        :raises: :exc:`selenium.common.exceptions.TimeoutException` if timeout occurs\n        \"\"\"\n        screen = None\n        stacktrace = None\n    \n        end_time = time.monotonic() + self._timeout\n        while True:\n            try:\n                value = method(self._driver)\n                if value:\n                    return value\n            except self._ignored_exceptions as exc:\n                screen = getattr(exc, \"screen\", None)\n                stacktrace = getattr(exc, \"stacktrace\", None)\n            time.sleep(self._poll)\n            if time.monotonic() > end_time:\n                break\n>       raise TimeoutException(message, screen, stacktrace)\nE       selenium.common.exceptions.TimeoutException: Message: \nE       Stacktrace:\nE       #0 0x55a082219fe3 <unknown>\nE       #1 0x55a081f58d36 <unknown>\nE       #2 0x55a081f95c4d <unknown>\nE       #3 0x55a081f95d61 <unknown>\nE       #4 0x55a081fd16a4 <unknown>\nE       #5 0x55a081fb68ed <unknown>\nE       #6 0x55a081fcf232 <unknown>\nE       #7 0x55a081fb6693 <unknown>\nE       #8 0x55a081f8903a <unknown>\nE       #9 0x55a081f8a17e <unknown>\nE       #10 0x55a0821dbdbd <unknown>\nE       #11 0x55a0821dfc6c <unknown>\nE       #12 0x55a0821e94b0 <unknown>\nE       #13 0x55a0821e0d63 <unknown>\nE       #14 0x55a0821b3c35 <unknown>\nE       #15 0x55a082204138 <unknown>\nE       #16 0x55a0822042c7 <unknown>\nE       #17 0x55a082212093 <unknown>\nE       #18 0x7f3cfbcf5b43 <unknown>\n\n/opt/hostedtoolcache/Python/3.10.11/x64/lib/python3.10/site-packages/selenium/webdriver/support/wait.py:95: TimeoutException","flaky":false,"newFailed":false,"newBroken":false,"newPassed":false,"retriesCount":0,"retriesStatusChange":false,"beforeStages":[{"name":"_xunit_setup_method_fixture_TestConduit","time":{"start":1682286624746,"stop":1682286625797,"duration":1051},"status":"passed","steps":[],"attachments":[],"parameters":[],"stepsCount":0,"attachmentsCount":0,"shouldDisplayMessage":false,"hasContent":false}],"afterStages":[{"name":"_xunit_setup_method_fixture_TestConduit::0","time":{"start":1682286630920,"stop":1682286630976,"duration":56},"status":"passed","steps":[],"attachments":[],"parameters":[],"stepsCount":0,"attachmentsCount":0,"shouldDisplayMessage":false,"hasContent":false}],"labels":[{"name":"as_id","value":"TC6"},{"name":"parentSuite","value":"test"},{"name":"suite","value":"test_conduit"},{"name":"subSuite","value":"TestConduit"},{"name":"host","value":"fv-az1256-411"},{"name":"thread","value":"3062-MainThread"},{"name":"framework","value":"pytest"},{"name":"language","value":"cpython3"},{"name":"package","value":"test.test_conduit"},{"name":"resultFormat","value":"allure2"}],"parameters":[],"links":[],"hidden":false,"retry":false,"extra":{"severity":"normal","retries":[],"categories":[{"name":"Test defects","matchedStatuses":[],"flaky":false}],"tags":[]},"source":"aaff575394616286.json","parameterValues":[]}