{"uid":"b6d6205372237e7f","name":"Felhasználónév módosítása","fullName":"test.test_conduit.TestConduit#test_edit_username","historyId":"d603b994c14214f31b3b696049ed4b22","time":{"start":1682286669642,"stop":1682286674749,"duration":5107},"status":"broken","statusMessage":"selenium.common.exceptions.TimeoutException: Message: \nStacktrace:\n#0 0x5577dc9ccfe3 <unknown>\n#1 0x5577dc70bd36 <unknown>\n#2 0x5577dc748c4d <unknown>\n#3 0x5577dc748d61 <unknown>\n#4 0x5577dc7846a4 <unknown>\n#5 0x5577dc7698ed <unknown>\n#6 0x5577dc782232 <unknown>\n#7 0x5577dc769693 <unknown>\n#8 0x5577dc73c03a <unknown>\n#9 0x5577dc73d17e <unknown>\n#10 0x5577dc98edbd <unknown>\n#11 0x5577dc992c6c <unknown>\n#12 0x5577dc99c4b0 <unknown>\n#13 0x5577dc993d63 <unknown>\n#14 0x5577dc966c35 <unknown>\n#15 0x5577dc9b7138 <unknown>\n#16 0x5577dc9b72c7 <unknown>\n#17 0x5577dc9c5093 <unknown>\n#18 0x7f4554b0bb43 <unknown>","statusTrace":"self = <test_conduit.TestConduit object at 0x7ff60ddf95a0>\n\n    @allure.id('TC13')\n    @allure.title('Felhasználónév módosítása')\n    def test_edit_username(self):\n>       self.login(TEST_DATA_REG_POS)\n\ntest/test_conduit.py:190: \n_ _ _ _ _ _ _ _ _ _ _ _ _ _ _ _ _ _ _ _ _ _ _ _ _ _ _ _ _ _ _ _ _ _ _ _ _ _ _ _ \ntest/test_conduit.py:58: in login\n    self.page.link_login().click()\ntest/conduit_page.py:35: in link_login\n    return WebDriverWait(self.browser, 5).until(\n_ _ _ _ _ _ _ _ _ _ _ _ _ _ _ _ _ _ _ _ _ _ _ _ _ _ _ _ _ _ _ _ _ _ _ _ _ _ _ _ \n\nself = <selenium.webdriver.support.wait.WebDriverWait (session=\"a322075008e3f681f9a00cab889791c7\")>\nmethod = <function presence_of_element_located.<locals>._predicate at 0x7ff60cb39ab0>\nmessage = ''\n\n    def until(self, method, message: str = \"\"):\n        \"\"\"Calls the method provided with the driver as an argument until the \\\n        return value does not evaluate to ``False``.\n    \n        :param method: callable(WebDriver)\n        :param message: optional message for :exc:`TimeoutException`\n        :returns: the result of the last call to `method`\n        :raises: :exc:`selenium.common.exceptions.TimeoutException` if timeout occurs\n        \"\"\"\n        screen = None\n        stacktrace = None\n    \n        end_time = time.monotonic() + self._timeout\n        while True:\n            try:\n                value = method(self._driver)\n                if value:\n                    return value\n            except self._ignored_exceptions as exc:\n                screen = getattr(exc, \"screen\", None)\n                stacktrace = getattr(exc, \"stacktrace\", None)\n            time.sleep(self._poll)\n            if time.monotonic() > end_time:\n                break\n>       raise TimeoutException(message, screen, stacktrace)\nE       selenium.common.exceptions.TimeoutException: Message: \nE       Stacktrace:\nE       #0 0x5577dc9ccfe3 <unknown>\nE       #1 0x5577dc70bd36 <unknown>\nE       #2 0x5577dc748c4d <unknown>\nE       #3 0x5577dc748d61 <unknown>\nE       #4 0x5577dc7846a4 <unknown>\nE       #5 0x5577dc7698ed <unknown>\nE       #6 0x5577dc782232 <unknown>\nE       #7 0x5577dc769693 <unknown>\nE       #8 0x5577dc73c03a <unknown>\nE       #9 0x5577dc73d17e <unknown>\nE       #10 0x5577dc98edbd <unknown>\nE       #11 0x5577dc992c6c <unknown>\nE       #12 0x5577dc99c4b0 <unknown>\nE       #13 0x5577dc993d63 <unknown>\nE       #14 0x5577dc966c35 <unknown>\nE       #15 0x5577dc9b7138 <unknown>\nE       #16 0x5577dc9b72c7 <unknown>\nE       #17 0x5577dc9c5093 <unknown>\nE       #18 0x7f4554b0bb43 <unknown>\n\n/opt/hostedtoolcache/Python/3.10.11/x64/lib/python3.10/site-packages/selenium/webdriver/support/wait.py:95: TimeoutException","flaky":false,"newFailed":false,"newBroken":false,"newPassed":false,"retriesCount":0,"retriesStatusChange":false,"beforeStages":[{"name":"_xunit_setup_method_fixture_TestConduit","time":{"start":1682286668562,"stop":1682286669641,"duration":1079},"status":"passed","steps":[],"attachments":[],"parameters":[],"stepsCount":0,"attachmentsCount":0,"shouldDisplayMessage":false,"hasContent":false}],"afterStages":[{"name":"_xunit_setup_method_fixture_TestConduit::0","time":{"start":1682286674763,"stop":1682286674819,"duration":56},"status":"passed","steps":[],"attachments":[],"parameters":[],"stepsCount":0,"attachmentsCount":0,"shouldDisplayMessage":false,"hasContent":false}],"labels":[{"name":"as_id","value":"TC13"},{"name":"parentSuite","value":"test"},{"name":"suite","value":"test_conduit"},{"name":"subSuite","value":"TestConduit"},{"name":"host","value":"fv-az1256-411"},{"name":"thread","value":"3062-MainThread"},{"name":"framework","value":"pytest"},{"name":"language","value":"cpython3"},{"name":"package","value":"test.test_conduit"},{"name":"resultFormat","value":"allure2"}],"parameters":[],"links":[],"hidden":false,"retry":false,"extra":{"severity":"normal","retries":[],"categories":[{"name":"Test defects","matchedStatuses":[],"flaky":false}],"tags":[]},"source":"b6d6205372237e7f.json","parameterValues":[]}