{"uid":"c3b465140a3c3aec","name":"Új poszt közzététele","fullName":"test.test_conduit.TestConduit#test_post_new","historyId":"3d1a379a1d0bf55fceb0eb15378fbfc7","time":{"start":1682286650819,"stop":1682286655934,"duration":5115},"status":"broken","statusMessage":"selenium.common.exceptions.TimeoutException: Message: \nStacktrace:\n#0 0x55a87b903fe3 <unknown>\n#1 0x55a87b642d36 <unknown>\n#2 0x55a87b67fc4d <unknown>\n#3 0x55a87b67fd61 <unknown>\n#4 0x55a87b6bb6a4 <unknown>\n#5 0x55a87b6a08ed <unknown>\n#6 0x55a87b6b9232 <unknown>\n#7 0x55a87b6a0693 <unknown>\n#8 0x55a87b67303a <unknown>\n#9 0x55a87b67417e <unknown>\n#10 0x55a87b8c5dbd <unknown>\n#11 0x55a87b8c9c6c <unknown>\n#12 0x55a87b8d34b0 <unknown>\n#13 0x55a87b8cad63 <unknown>\n#14 0x55a87b89dc35 <unknown>\n#15 0x55a87b8ee138 <unknown>\n#16 0x55a87b8ee2c7 <unknown>\n#17 0x55a87b8fc093 <unknown>\n#18 0x7fe219bd0b43 <unknown>","statusTrace":"self = <test_conduit.TestConduit object at 0x7ff60ddfa920>\n\n    @allure.id('TC10')\n    @allure.title('Új poszt közzététele')\n    def test_post_new(self):\n>       self.login(TEST_DATA_REGANDLOGIN_POS)\n\ntest/test_conduit.py:140: \n_ _ _ _ _ _ _ _ _ _ _ _ _ _ _ _ _ _ _ _ _ _ _ _ _ _ _ _ _ _ _ _ _ _ _ _ _ _ _ _ \ntest/test_conduit.py:58: in login\n    self.page.link_login().click()\ntest/conduit_page.py:35: in link_login\n    return WebDriverWait(self.browser, 5).until(\n_ _ _ _ _ _ _ _ _ _ _ _ _ _ _ _ _ _ _ _ _ _ _ _ _ _ _ _ _ _ _ _ _ _ _ _ _ _ _ _ \n\nself = <selenium.webdriver.support.wait.WebDriverWait (session=\"5617ebc1db1fd5e00302cb20c89fe87a\")>\nmethod = <function presence_of_element_located.<locals>._predicate at 0x7ff60cb39f30>\nmessage = ''\n\n    def until(self, method, message: str = \"\"):\n        \"\"\"Calls the method provided with the driver as an argument until the \\\n        return value does not evaluate to ``False``.\n    \n        :param method: callable(WebDriver)\n        :param message: optional message for :exc:`TimeoutException`\n        :returns: the result of the last call to `method`\n        :raises: :exc:`selenium.common.exceptions.TimeoutException` if timeout occurs\n        \"\"\"\n        screen = None\n        stacktrace = None\n    \n        end_time = time.monotonic() + self._timeout\n        while True:\n            try:\n                value = method(self._driver)\n                if value:\n                    return value\n            except self._ignored_exceptions as exc:\n                screen = getattr(exc, \"screen\", None)\n                stacktrace = getattr(exc, \"stacktrace\", None)\n            time.sleep(self._poll)\n            if time.monotonic() > end_time:\n                break\n>       raise TimeoutException(message, screen, stacktrace)\nE       selenium.common.exceptions.TimeoutException: Message: \nE       Stacktrace:\nE       #0 0x55a87b903fe3 <unknown>\nE       #1 0x55a87b642d36 <unknown>\nE       #2 0x55a87b67fc4d <unknown>\nE       #3 0x55a87b67fd61 <unknown>\nE       #4 0x55a87b6bb6a4 <unknown>\nE       #5 0x55a87b6a08ed <unknown>\nE       #6 0x55a87b6b9232 <unknown>\nE       #7 0x55a87b6a0693 <unknown>\nE       #8 0x55a87b67303a <unknown>\nE       #9 0x55a87b67417e <unknown>\nE       #10 0x55a87b8c5dbd <unknown>\nE       #11 0x55a87b8c9c6c <unknown>\nE       #12 0x55a87b8d34b0 <unknown>\nE       #13 0x55a87b8cad63 <unknown>\nE       #14 0x55a87b89dc35 <unknown>\nE       #15 0x55a87b8ee138 <unknown>\nE       #16 0x55a87b8ee2c7 <unknown>\nE       #17 0x55a87b8fc093 <unknown>\nE       #18 0x7fe219bd0b43 <unknown>\n\n/opt/hostedtoolcache/Python/3.10.11/x64/lib/python3.10/site-packages/selenium/webdriver/support/wait.py:95: TimeoutException","flaky":false,"newFailed":false,"newBroken":false,"newPassed":false,"retriesCount":0,"retriesStatusChange":false,"beforeStages":[{"name":"_xunit_setup_method_fixture_TestConduit","time":{"start":1682286649745,"stop":1682286650819,"duration":1074},"status":"passed","steps":[],"attachments":[],"parameters":[],"stepsCount":0,"attachmentsCount":0,"shouldDisplayMessage":false,"hasContent":false}],"afterStages":[{"name":"_xunit_setup_method_fixture_TestConduit::0","time":{"start":1682286655948,"stop":1682286656009,"duration":61},"status":"passed","steps":[],"attachments":[],"parameters":[],"stepsCount":0,"attachmentsCount":0,"shouldDisplayMessage":false,"hasContent":false}],"labels":[{"name":"as_id","value":"TC10"},{"name":"parentSuite","value":"test"},{"name":"suite","value":"test_conduit"},{"name":"subSuite","value":"TestConduit"},{"name":"host","value":"fv-az1256-411"},{"name":"thread","value":"3062-MainThread"},{"name":"framework","value":"pytest"},{"name":"language","value":"cpython3"},{"name":"package","value":"test.test_conduit"},{"name":"resultFormat","value":"allure2"}],"parameters":[],"links":[],"hidden":false,"retry":false,"extra":{"severity":"normal","retries":[],"categories":[{"name":"Test defects","matchedStatuses":[],"flaky":false}],"tags":[]},"source":"c3b465140a3c3aec.json","parameterValues":[]}