{"uid":"a55db2561c89a6bf","name":"Posztok list치z치sa","fullName":"test.test_conduit.TestConduit#test_list","historyId":"beb455abc3c361fa2e45bf3fb7486612","time":{"start":1682378676365,"stop":1682378681733,"duration":5368},"status":"broken","statusMessage":"selenium.common.exceptions.TimeoutException: Message: \nStacktrace:\n#0 0x5635a9556fe3 <unknown>\n#1 0x5635a9295d36 <unknown>\n#2 0x5635a92d2c4d <unknown>\n#3 0x5635a92d2d61 <unknown>\n#4 0x5635a930e6a4 <unknown>\n#5 0x5635a92f38ed <unknown>\n#6 0x5635a930c232 <unknown>\n#7 0x5635a92f3693 <unknown>\n#8 0x5635a92c603a <unknown>\n#9 0x5635a92c717e <unknown>\n#10 0x5635a9518dbd <unknown>\n#11 0x5635a951cc6c <unknown>\n#12 0x5635a95264b0 <unknown>\n#13 0x5635a951dd63 <unknown>\n#14 0x5635a94f0c35 <unknown>\n#15 0x5635a9541138 <unknown>\n#16 0x5635a95412c7 <unknown>\n#17 0x5635a954f093 <unknown>\n#18 0x7fb5a5beeb43 <unknown>","statusTrace":"self = <test_conduit.TestConduit object at 0x7ff5958644c0>\n\n    @allure.id('TC8')\n    @allure.title('Posztok list치z치sa')\n    def test_list(self):\n        self.login(TEST_DATA_REGANDLOGIN_POS)\n>       self.page.link_yourfeed().click()\n\ntest/test_conduit.py:85: \n_ _ _ _ _ _ _ _ _ _ _ _ _ _ _ _ _ _ _ _ _ _ _ _ _ _ _ _ _ _ _ _ _ _ _ _ _ _ _ _ \ntest/conduit_page.py:73: in link_yourfeed\n    return WebDriverWait(self.browser, 5).until(\n_ _ _ _ _ _ _ _ _ _ _ _ _ _ _ _ _ _ _ _ _ _ _ _ _ _ _ _ _ _ _ _ _ _ _ _ _ _ _ _ \n\nself = <selenium.webdriver.support.wait.WebDriverWait (session=\"6e33f31a1b7e045633b0938a8503bba2\")>\nmethod = <function presence_of_element_located.<locals>._predicate at 0x7ff595790b80>\nmessage = ''\n\n    def until(self, method, message: str = \"\"):\n        \"\"\"Calls the method provided with the driver as an argument until the \\\n        return value does not evaluate to ``False``.\n    \n        :param method: callable(WebDriver)\n        :param message: optional message for :exc:`TimeoutException`\n        :returns: the result of the last call to `method`\n        :raises: :exc:`selenium.common.exceptions.TimeoutException` if timeout occurs\n        \"\"\"\n        screen = None\n        stacktrace = None\n    \n        end_time = time.monotonic() + self._timeout\n        while True:\n            try:\n                value = method(self._driver)\n                if value:\n                    return value\n            except self._ignored_exceptions as exc:\n                screen = getattr(exc, \"screen\", None)\n                stacktrace = getattr(exc, \"stacktrace\", None)\n            time.sleep(self._poll)\n            if time.monotonic() > end_time:\n                break\n>       raise TimeoutException(message, screen, stacktrace)\nE       selenium.common.exceptions.TimeoutException: Message: \nE       Stacktrace:\nE       #0 0x5635a9556fe3 <unknown>\nE       #1 0x5635a9295d36 <unknown>\nE       #2 0x5635a92d2c4d <unknown>\nE       #3 0x5635a92d2d61 <unknown>\nE       #4 0x5635a930e6a4 <unknown>\nE       #5 0x5635a92f38ed <unknown>\nE       #6 0x5635a930c232 <unknown>\nE       #7 0x5635a92f3693 <unknown>\nE       #8 0x5635a92c603a <unknown>\nE       #9 0x5635a92c717e <unknown>\nE       #10 0x5635a9518dbd <unknown>\nE       #11 0x5635a951cc6c <unknown>\nE       #12 0x5635a95264b0 <unknown>\nE       #13 0x5635a951dd63 <unknown>\nE       #14 0x5635a94f0c35 <unknown>\nE       #15 0x5635a9541138 <unknown>\nE       #16 0x5635a95412c7 <unknown>\nE       #17 0x5635a954f093 <unknown>\nE       #18 0x7fb5a5beeb43 <unknown>\n\n/opt/hostedtoolcache/Python/3.10.11/x64/lib/python3.10/site-packages/selenium/webdriver/support/wait.py:95: TimeoutException","flaky":false,"newFailed":false,"newBroken":false,"newPassed":false,"retriesCount":0,"retriesStatusChange":false,"beforeStages":[{"name":"_xunit_setup_method_fixture_TestConduit","time":{"start":1682378675308,"stop":1682378676364,"duration":1056},"status":"passed","steps":[],"attachments":[],"parameters":[],"stepsCount":0,"attachmentsCount":0,"shouldDisplayMessage":false,"hasContent":false}],"afterStages":[{"name":"_xunit_setup_method_fixture_TestConduit::0","time":{"start":1682378681744,"stop":1682378681800,"duration":56},"status":"passed","steps":[],"attachments":[],"parameters":[],"stepsCount":0,"attachmentsCount":0,"shouldDisplayMessage":false,"hasContent":false}],"labels":[{"name":"as_id","value":"TC8"},{"name":"parentSuite","value":"test"},{"name":"suite","value":"test_conduit"},{"name":"subSuite","value":"TestConduit"},{"name":"host","value":"fv-az370-696"},{"name":"thread","value":"3043-MainThread"},{"name":"framework","value":"pytest"},{"name":"language","value":"cpython3"},{"name":"package","value":"test.test_conduit"},{"name":"resultFormat","value":"allure2"}],"parameters":[],"links":[],"hidden":false,"retry":false,"extra":{"severity":"normal","retries":[],"categories":[{"name":"Test defects","matchedStatuses":[],"flaky":false}],"tags":[]},"source":"a55db2561c89a6bf.json","parameterValues":[]}