{"uid":"e0ea15b3632f91fc","name":"Új poszt közzététele","fullName":"test.test_conduit.TestConduit#test_post_new","historyId":"3d1a379a1d0bf55fceb0eb15378fbfc7","time":{"start":1682378689321,"stop":1682378694683,"duration":5362},"status":"broken","statusMessage":"selenium.common.exceptions.TimeoutException: Message: \nStacktrace:\n#0 0x55f9161ecfe3 <unknown>\n#1 0x55f915f2bd36 <unknown>\n#2 0x55f915f68c4d <unknown>\n#3 0x55f915f68d61 <unknown>\n#4 0x55f915fa46a4 <unknown>\n#5 0x55f915f898ed <unknown>\n#6 0x55f915fa2232 <unknown>\n#7 0x55f915f89693 <unknown>\n#8 0x55f915f5c03a <unknown>\n#9 0x55f915f5d17e <unknown>\n#10 0x55f9161aedbd <unknown>\n#11 0x55f9161b2c6c <unknown>\n#12 0x55f9161bc4b0 <unknown>\n#13 0x55f9161b3d63 <unknown>\n#14 0x55f916186c35 <unknown>\n#15 0x55f9161d7138 <unknown>\n#16 0x55f9161d72c7 <unknown>\n#17 0x55f9161e5093 <unknown>\n#18 0x7f4e1812bb43 <unknown>","statusTrace":"self = <test_conduit.TestConduit object at 0x7ff595865390>\n\n    @allure.id('TC10')\n    @allure.title('Új poszt közzététele')\n    def test_post_new(self):\n        self.login(TEST_DATA_REGANDLOGIN_POS)\n>       self.page.link_new_post().click()\n\ntest/test_conduit.py:103: \n_ _ _ _ _ _ _ _ _ _ _ _ _ _ _ _ _ _ _ _ _ _ _ _ _ _ _ _ _ _ _ _ _ _ _ _ _ _ _ _ \ntest/conduit_page.py:89: in link_new_post\n    return WebDriverWait(self.browser, 5).until(EC.presence_of_element_located((By.XPATH, '//a[@href=\"#/editor\"]')))\n_ _ _ _ _ _ _ _ _ _ _ _ _ _ _ _ _ _ _ _ _ _ _ _ _ _ _ _ _ _ _ _ _ _ _ _ _ _ _ _ \n\nself = <selenium.webdriver.support.wait.WebDriverWait (session=\"291f4a2324082f5870a99fcd07c9f65c\")>\nmethod = <function presence_of_element_located.<locals>._predicate at 0x7ff595791ea0>\nmessage = ''\n\n    def until(self, method, message: str = \"\"):\n        \"\"\"Calls the method provided with the driver as an argument until the \\\n        return value does not evaluate to ``False``.\n    \n        :param method: callable(WebDriver)\n        :param message: optional message for :exc:`TimeoutException`\n        :returns: the result of the last call to `method`\n        :raises: :exc:`selenium.common.exceptions.TimeoutException` if timeout occurs\n        \"\"\"\n        screen = None\n        stacktrace = None\n    \n        end_time = time.monotonic() + self._timeout\n        while True:\n            try:\n                value = method(self._driver)\n                if value:\n                    return value\n            except self._ignored_exceptions as exc:\n                screen = getattr(exc, \"screen\", None)\n                stacktrace = getattr(exc, \"stacktrace\", None)\n            time.sleep(self._poll)\n            if time.monotonic() > end_time:\n                break\n>       raise TimeoutException(message, screen, stacktrace)\nE       selenium.common.exceptions.TimeoutException: Message: \nE       Stacktrace:\nE       #0 0x55f9161ecfe3 <unknown>\nE       #1 0x55f915f2bd36 <unknown>\nE       #2 0x55f915f68c4d <unknown>\nE       #3 0x55f915f68d61 <unknown>\nE       #4 0x55f915fa46a4 <unknown>\nE       #5 0x55f915f898ed <unknown>\nE       #6 0x55f915fa2232 <unknown>\nE       #7 0x55f915f89693 <unknown>\nE       #8 0x55f915f5c03a <unknown>\nE       #9 0x55f915f5d17e <unknown>\nE       #10 0x55f9161aedbd <unknown>\nE       #11 0x55f9161b2c6c <unknown>\nE       #12 0x55f9161bc4b0 <unknown>\nE       #13 0x55f9161b3d63 <unknown>\nE       #14 0x55f916186c35 <unknown>\nE       #15 0x55f9161d7138 <unknown>\nE       #16 0x55f9161d72c7 <unknown>\nE       #17 0x55f9161e5093 <unknown>\nE       #18 0x7f4e1812bb43 <unknown>\n\n/opt/hostedtoolcache/Python/3.10.11/x64/lib/python3.10/site-packages/selenium/webdriver/support/wait.py:95: TimeoutException","flaky":false,"newFailed":false,"newBroken":false,"newPassed":false,"retriesCount":0,"retriesStatusChange":false,"beforeStages":[{"name":"_xunit_setup_method_fixture_TestConduit","time":{"start":1682378688274,"stop":1682378689321,"duration":1047},"status":"passed","steps":[],"attachments":[],"parameters":[],"stepsCount":0,"attachmentsCount":0,"shouldDisplayMessage":false,"hasContent":false}],"afterStages":[{"name":"_xunit_setup_method_fixture_TestConduit::0","time":{"start":1682378694695,"stop":1682378694751,"duration":56},"status":"passed","steps":[],"attachments":[],"parameters":[],"stepsCount":0,"attachmentsCount":0,"shouldDisplayMessage":false,"hasContent":false}],"labels":[{"name":"as_id","value":"TC10"},{"name":"parentSuite","value":"test"},{"name":"suite","value":"test_conduit"},{"name":"subSuite","value":"TestConduit"},{"name":"host","value":"fv-az370-696"},{"name":"thread","value":"3043-MainThread"},{"name":"framework","value":"pytest"},{"name":"language","value":"cpython3"},{"name":"package","value":"test.test_conduit"},{"name":"resultFormat","value":"allure2"}],"parameters":[],"links":[],"hidden":false,"retry":false,"extra":{"severity":"normal","retries":[],"categories":[{"name":"Test defects","matchedStatuses":[],"flaky":false}],"tags":[]},"source":"e0ea15b3632f91fc.json","parameterValues":[]}