{"uid":"da8e98106a6c9f14","name":"Új poszt közzététele","fullName":"test.test_conduit.TestConduit#test_post_new","historyId":"3d1a379a1d0bf55fceb0eb15378fbfc7","time":{"start":1682210367684,"stop":1682210368635,"duration":951},"status":"broken","statusMessage":"selenium.common.exceptions.InvalidSelectorException: Message: invalid selector: Unable to locate an element with the xpath expression //input[@placeholder=\"Article Title] because of the following error:\nSyntaxError: Failed to execute 'evaluate' on 'Document': The string '//input[@placeholder=\"Article Title]' is not a valid XPath expression.\n  (Session info: headless chrome=112.0.5615.121)\nStacktrace:\n#0 0x55fd6e86cfe3 <unknown>\n#1 0x55fd6e5abd36 <unknown>\n#2 0x55fd6e5af283 <unknown>\n#3 0x55fd6e5aeff2 <unknown>\n#4 0x55fd6e5af30c <unknown>\n#5 0x55fd6e5e8821 <unknown>\n#6 0x55fd6e5e8d61 <unknown>\n#7 0x55fd6e6246a4 <unknown>\n#8 0x55fd6e6098ed <unknown>\n#9 0x55fd6e622232 <unknown>\n#10 0x55fd6e609693 <unknown>\n#11 0x55fd6e5dc03a <unknown>\n#12 0x55fd6e5dd17e <unknown>\n#13 0x55fd6e82edbd <unknown>\n#14 0x55fd6e832c6c <unknown>\n#15 0x55fd6e83c4b0 <unknown>\n#16 0x55fd6e833d63 <unknown>\n#17 0x55fd6e806c35 <unknown>\n#18 0x55fd6e857138 <unknown>\n#19 0x55fd6e8572c7 <unknown>\n#20 0x55fd6e865093 <unknown>\n#21 0x7f27e41feb43 <unknown>","statusTrace":"self = <test_conduit.TestConduit object at 0x7fa404db32b0>\n\n    @allure.id('TC10')\n    @allure.title('Új poszt közzététele')\n    def test_post_new(self):\n        self.test_login_pos()\n        self.page.link_new_post().click()\n>       title = self.page.input_given_placeholder('Article Title')\n\ntest/test_conduit.py:114: \n_ _ _ _ _ _ _ _ _ _ _ _ _ _ _ _ _ _ _ _ _ _ _ _ _ _ _ _ _ _ _ _ _ _ _ _ _ _ _ _ \ntest/conduit_page.py:97: in input_given_placeholder\n    return WebDriverWait(self.browser, 5).until(\n/opt/hostedtoolcache/Python/3.10.11/x64/lib/python3.10/site-packages/selenium/webdriver/support/wait.py:86: in until\n    value = method(self._driver)\n/opt/hostedtoolcache/Python/3.10.11/x64/lib/python3.10/site-packages/selenium/webdriver/support/expected_conditions.py:69: in _predicate\n    return driver.find_element(*locator)\n/opt/hostedtoolcache/Python/3.10.11/x64/lib/python3.10/site-packages/selenium/webdriver/remote/webdriver.py:831: in find_element\n    return self.execute(Command.FIND_ELEMENT, {\"using\": by, \"value\": value})[\"value\"]\n/opt/hostedtoolcache/Python/3.10.11/x64/lib/python3.10/site-packages/selenium/webdriver/remote/webdriver.py:440: in execute\n    self.error_handler.check_response(response)\n_ _ _ _ _ _ _ _ _ _ _ _ _ _ _ _ _ _ _ _ _ _ _ _ _ _ _ _ _ _ _ _ _ _ _ _ _ _ _ _ \n\nself = <selenium.webdriver.remote.errorhandler.ErrorHandler object at 0x7fa404e99810>\nresponse = {'status': 400, 'value': '{\"value\":{\"error\":\"invalid selector\",\"message\":\"invalid selector: Unable to locate an elemen...\\\\n#19 0x55fd6e8572c7 \\\\u003Cunknown>\\\\n#20 0x55fd6e865093 \\\\u003Cunknown>\\\\n#21 0x7f27e41feb43 \\\\u003Cunknown>\\\\n\"}}'}\n\n    def check_response(self, response: Dict[str, Any]) -> None:\n        \"\"\"Checks that a JSON response from the WebDriver does not have an\n        error.\n    \n        :Args:\n         - response - The JSON response from the WebDriver server as a dictionary\n           object.\n    \n        :Raises: If the response contains an error message.\n        \"\"\"\n        status = response.get(\"status\", None)\n        if not status or status == ErrorCode.SUCCESS:\n            return\n        value = None\n        message = response.get(\"message\", \"\")\n        screen: str = response.get(\"screen\", \"\")\n        stacktrace = None\n        if isinstance(status, int):\n            value_json = response.get(\"value\", None)\n            if value_json and isinstance(value_json, str):\n                import json\n    \n                try:\n                    value = json.loads(value_json)\n                    if len(value) == 1:\n                        value = value[\"value\"]\n                    status = value.get(\"error\", None)\n                    if not status:\n                        status = value.get(\"status\", ErrorCode.UNKNOWN_ERROR)\n                        message = value.get(\"value\") or value.get(\"message\")\n                        if not isinstance(message, str):\n                            value = message\n                            message = message.get(\"message\")\n                    else:\n                        message = value.get(\"message\", None)\n                except ValueError:\n                    pass\n    \n        exception_class: Type[WebDriverException]\n        if status in ErrorCode.NO_SUCH_ELEMENT:\n            exception_class = NoSuchElementException\n        elif status in ErrorCode.NO_SUCH_FRAME:\n            exception_class = NoSuchFrameException\n        elif status in ErrorCode.NO_SUCH_SHADOW_ROOT:\n            exception_class = NoSuchShadowRootException\n        elif status in ErrorCode.NO_SUCH_WINDOW:\n            exception_class = NoSuchWindowException\n        elif status in ErrorCode.STALE_ELEMENT_REFERENCE:\n            exception_class = StaleElementReferenceException\n        elif status in ErrorCode.ELEMENT_NOT_VISIBLE:\n            exception_class = ElementNotVisibleException\n        elif status in ErrorCode.INVALID_ELEMENT_STATE:\n            exception_class = InvalidElementStateException\n        elif (\n            status in ErrorCode.INVALID_SELECTOR\n            or status in ErrorCode.INVALID_XPATH_SELECTOR\n            or status in ErrorCode.INVALID_XPATH_SELECTOR_RETURN_TYPER\n        ):\n            exception_class = InvalidSelectorException\n        elif status in ErrorCode.ELEMENT_IS_NOT_SELECTABLE:\n            exception_class = ElementNotSelectableException\n        elif status in ErrorCode.ELEMENT_NOT_INTERACTABLE:\n            exception_class = ElementNotInteractableException\n        elif status in ErrorCode.INVALID_COOKIE_DOMAIN:\n            exception_class = InvalidCookieDomainException\n        elif status in ErrorCode.UNABLE_TO_SET_COOKIE:\n            exception_class = UnableToSetCookieException\n        elif status in ErrorCode.TIMEOUT:\n            exception_class = TimeoutException\n        elif status in ErrorCode.SCRIPT_TIMEOUT:\n            exception_class = TimeoutException\n        elif status in ErrorCode.UNKNOWN_ERROR:\n            exception_class = WebDriverException\n        elif status in ErrorCode.UNEXPECTED_ALERT_OPEN:\n            exception_class = UnexpectedAlertPresentException\n        elif status in ErrorCode.NO_ALERT_OPEN:\n            exception_class = NoAlertPresentException\n        elif status in ErrorCode.IME_NOT_AVAILABLE:\n            exception_class = ImeNotAvailableException\n        elif status in ErrorCode.IME_ENGINE_ACTIVATION_FAILED:\n            exception_class = ImeActivationFailedException\n        elif status in ErrorCode.MOVE_TARGET_OUT_OF_BOUNDS:\n            exception_class = MoveTargetOutOfBoundsException\n        elif status in ErrorCode.JAVASCRIPT_ERROR:\n            exception_class = JavascriptException\n        elif status in ErrorCode.SESSION_NOT_CREATED:\n            exception_class = SessionNotCreatedException\n        elif status in ErrorCode.INVALID_ARGUMENT:\n            exception_class = InvalidArgumentException\n        elif status in ErrorCode.NO_SUCH_COOKIE:\n            exception_class = NoSuchCookieException\n        elif status in ErrorCode.UNABLE_TO_CAPTURE_SCREEN:\n            exception_class = ScreenshotException\n        elif status in ErrorCode.ELEMENT_CLICK_INTERCEPTED:\n            exception_class = ElementClickInterceptedException\n        elif status in ErrorCode.INSECURE_CERTIFICATE:\n            exception_class = InsecureCertificateException\n        elif status in ErrorCode.INVALID_COORDINATES:\n            exception_class = InvalidCoordinatesException\n        elif status in ErrorCode.INVALID_SESSION_ID:\n            exception_class = InvalidSessionIdException\n        elif status in ErrorCode.UNKNOWN_METHOD:\n            exception_class = UnknownMethodException\n        else:\n            exception_class = WebDriverException\n        if not value:\n            value = response[\"value\"]\n        if isinstance(value, str):\n            raise exception_class(value)\n        if message == \"\" and \"message\" in value:\n            message = value[\"message\"]\n    \n        screen = None  # type: ignore[assignment]\n        if \"screen\" in value:\n            screen = value[\"screen\"]\n    \n        stacktrace = None\n        st_value = value.get(\"stackTrace\") or value.get(\"stacktrace\")\n        if st_value:\n            if isinstance(st_value, str):\n                stacktrace = st_value.split(\"\\n\")\n            else:\n                stacktrace = []\n                try:\n                    for frame in st_value:\n                        line = frame.get(\"lineNumber\", \"\")\n                        file = frame.get(\"fileName\", \"<anonymous>\")\n                        if line:\n                            file = f\"{file}:{line}\"\n                        meth = frame.get(\"methodName\", \"<anonymous>\")\n                        if \"className\" in frame:\n                            meth = f\"{frame['className']}.{meth}\"\n                        msg = \"    at %s (%s)\"\n                        msg = msg % (meth, file)\n                        stacktrace.append(msg)\n                except TypeError:\n                    pass\n        if exception_class == UnexpectedAlertPresentException:\n            alert_text = None\n            if \"data\" in value:\n                alert_text = value[\"data\"].get(\"text\")\n            elif \"alert\" in value:\n                alert_text = value[\"alert\"].get(\"text\")\n            raise exception_class(message, screen, stacktrace, alert_text)  # type: ignore[call-arg]  # mypy is not smart enough here\n>       raise exception_class(message, screen, stacktrace)\nE       selenium.common.exceptions.InvalidSelectorException: Message: invalid selector: Unable to locate an element with the xpath expression //input[@placeholder=\"Article Title] because of the following error:\nE       SyntaxError: Failed to execute 'evaluate' on 'Document': The string '//input[@placeholder=\"Article Title]' is not a valid XPath expression.\nE         (Session info: headless chrome=112.0.5615.121)\nE       Stacktrace:\nE       #0 0x55fd6e86cfe3 <unknown>\nE       #1 0x55fd6e5abd36 <unknown>\nE       #2 0x55fd6e5af283 <unknown>\nE       #3 0x55fd6e5aeff2 <unknown>\nE       #4 0x55fd6e5af30c <unknown>\nE       #5 0x55fd6e5e8821 <unknown>\nE       #6 0x55fd6e5e8d61 <unknown>\nE       #7 0x55fd6e6246a4 <unknown>\nE       #8 0x55fd6e6098ed <unknown>\nE       #9 0x55fd6e622232 <unknown>\nE       #10 0x55fd6e609693 <unknown>\nE       #11 0x55fd6e5dc03a <unknown>\nE       #12 0x55fd6e5dd17e <unknown>\nE       #13 0x55fd6e82edbd <unknown>\nE       #14 0x55fd6e832c6c <unknown>\nE       #15 0x55fd6e83c4b0 <unknown>\nE       #16 0x55fd6e833d63 <unknown>\nE       #17 0x55fd6e806c35 <unknown>\nE       #18 0x55fd6e857138 <unknown>\nE       #19 0x55fd6e8572c7 <unknown>\nE       #20 0x55fd6e865093 <unknown>\nE       #21 0x7f27e41feb43 <unknown>\n\n/opt/hostedtoolcache/Python/3.10.11/x64/lib/python3.10/site-packages/selenium/webdriver/remote/errorhandler.py:245: InvalidSelectorException","flaky":false,"newFailed":false,"newBroken":false,"newPassed":false,"retriesCount":0,"retriesStatusChange":false,"beforeStages":[{"name":"_xunit_setup_method_fixture_TestConduit","time":{"start":1682210366736,"stop":1682210367684,"duration":948},"status":"passed","steps":[],"attachments":[],"parameters":[],"stepsCount":0,"attachmentsCount":0,"shouldDisplayMessage":false,"hasContent":false}],"afterStages":[{"name":"_xunit_setup_method_fixture_TestConduit::0","time":{"start":1682210368717,"stop":1682210368773,"duration":56},"status":"passed","steps":[],"attachments":[],"parameters":[],"stepsCount":0,"attachmentsCount":0,"shouldDisplayMessage":false,"hasContent":false}],"labels":[{"name":"as_id","value":"TC10"},{"name":"parentSuite","value":"test"},{"name":"suite","value":"test_conduit"},{"name":"subSuite","value":"TestConduit"},{"name":"host","value":"fv-az616-404"},{"name":"thread","value":"3158-MainThread"},{"name":"framework","value":"pytest"},{"name":"language","value":"cpython3"},{"name":"package","value":"test.test_conduit"},{"name":"resultFormat","value":"allure2"}],"parameters":[],"links":[],"hidden":false,"retry":false,"extra":{"severity":"normal","retries":[],"categories":[{"name":"Test defects","matchedStatuses":[],"flaky":false}],"tags":[]},"source":"da8e98106a6c9f14.json","parameterValues":[]}