{"uid":"47b1ee4bc01a375d","name":"Posztok list치z치sa","fullName":"test.test_conduit.TestConduit#test_list_pos","historyId":"2e0c0a86942cd1f98f51c5553b1c1248","time":{"start":1682284752633,"stop":1682284757985,"duration":5352},"status":"broken","statusMessage":"selenium.common.exceptions.TimeoutException: Message: \nStacktrace:\n#0 0x55f85e22bfe3 <unknown>\n#1 0x55f85df6ad36 <unknown>\n#2 0x55f85dfa7c4d <unknown>\n#3 0x55f85dfa7d61 <unknown>\n#4 0x55f85dfe36a4 <unknown>\n#5 0x55f85dfc88ed <unknown>\n#6 0x55f85dfe1232 <unknown>\n#7 0x55f85dfc8693 <unknown>\n#8 0x55f85df9b03a <unknown>\n#9 0x55f85df9c17e <unknown>\n#10 0x55f85e1eddbd <unknown>\n#11 0x55f85e1f1c6c <unknown>\n#12 0x55f85e1fb4b0 <unknown>\n#13 0x55f85e1f2d63 <unknown>\n#14 0x55f85e1c5c35 <unknown>\n#15 0x55f85e216138 <unknown>\n#16 0x55f85e2162c7 <unknown>\n#17 0x55f85e224093 <unknown>\n#18 0x7f0a41678b43 <unknown>","statusTrace":"self = <test_conduit.TestConduit object at 0x7f42c0512830>\n\n    @allure.id('TC8')\n    @allure.title('Posztok list치z치sa')\n    def test_list_pos(self):\n        self.login(TEST_DATA_REGANDLOGIN_POS)\n>       self.page.link_yourfeed().click()\n\ntest/test_conduit.py:123: \n_ _ _ _ _ _ _ _ _ _ _ _ _ _ _ _ _ _ _ _ _ _ _ _ _ _ _ _ _ _ _ _ _ _ _ _ _ _ _ _ \ntest/conduit_page.py:78: in link_yourfeed\n    return WebDriverWait(self.browser, 5).until(\n_ _ _ _ _ _ _ _ _ _ _ _ _ _ _ _ _ _ _ _ _ _ _ _ _ _ _ _ _ _ _ _ _ _ _ _ _ _ _ _ \n\nself = <selenium.webdriver.support.wait.WebDriverWait (session=\"55f9ca9a6551003477ee12c5b9cb557a\")>\nmethod = <function presence_of_element_located.<locals>._predicate at 0x7f42bf260670>\nmessage = ''\n\n    def until(self, method, message: str = \"\"):\n        \"\"\"Calls the method provided with the driver as an argument until the \\\n        return value does not evaluate to ``False``.\n    \n        :param method: callable(WebDriver)\n        :param message: optional message for :exc:`TimeoutException`\n        :returns: the result of the last call to `method`\n        :raises: :exc:`selenium.common.exceptions.TimeoutException` if timeout occurs\n        \"\"\"\n        screen = None\n        stacktrace = None\n    \n        end_time = time.monotonic() + self._timeout\n        while True:\n            try:\n                value = method(self._driver)\n                if value:\n                    return value\n            except self._ignored_exceptions as exc:\n                screen = getattr(exc, \"screen\", None)\n                stacktrace = getattr(exc, \"stacktrace\", None)\n            time.sleep(self._poll)\n            if time.monotonic() > end_time:\n                break\n>       raise TimeoutException(message, screen, stacktrace)\nE       selenium.common.exceptions.TimeoutException: Message: \nE       Stacktrace:\nE       #0 0x55f85e22bfe3 <unknown>\nE       #1 0x55f85df6ad36 <unknown>\nE       #2 0x55f85dfa7c4d <unknown>\nE       #3 0x55f85dfa7d61 <unknown>\nE       #4 0x55f85dfe36a4 <unknown>\nE       #5 0x55f85dfc88ed <unknown>\nE       #6 0x55f85dfe1232 <unknown>\nE       #7 0x55f85dfc8693 <unknown>\nE       #8 0x55f85df9b03a <unknown>\nE       #9 0x55f85df9c17e <unknown>\nE       #10 0x55f85e1eddbd <unknown>\nE       #11 0x55f85e1f1c6c <unknown>\nE       #12 0x55f85e1fb4b0 <unknown>\nE       #13 0x55f85e1f2d63 <unknown>\nE       #14 0x55f85e1c5c35 <unknown>\nE       #15 0x55f85e216138 <unknown>\nE       #16 0x55f85e2162c7 <unknown>\nE       #17 0x55f85e224093 <unknown>\nE       #18 0x7f0a41678b43 <unknown>\n\n/opt/hostedtoolcache/Python/3.10.11/x64/lib/python3.10/site-packages/selenium/webdriver/support/wait.py:95: TimeoutException","flaky":false,"newFailed":false,"newBroken":false,"newPassed":false,"retriesCount":0,"retriesStatusChange":false,"beforeStages":[{"name":"_xunit_setup_method_fixture_TestConduit","time":{"start":1682284751558,"stop":1682284752632,"duration":1074},"status":"passed","steps":[],"attachments":[],"parameters":[],"stepsCount":0,"attachmentsCount":0,"shouldDisplayMessage":false,"hasContent":false}],"afterStages":[{"name":"_xunit_setup_method_fixture_TestConduit::0","time":{"start":1682284757998,"stop":1682284758058,"duration":60},"status":"passed","steps":[],"attachments":[],"parameters":[],"stepsCount":0,"attachmentsCount":0,"shouldDisplayMessage":false,"hasContent":false}],"labels":[{"name":"as_id","value":"TC8"},{"name":"parentSuite","value":"test"},{"name":"suite","value":"test_conduit"},{"name":"subSuite","value":"TestConduit"},{"name":"host","value":"fv-az585-260"},{"name":"thread","value":"3049-MainThread"},{"name":"framework","value":"pytest"},{"name":"language","value":"cpython3"},{"name":"package","value":"test.test_conduit"},{"name":"resultFormat","value":"allure2"}],"parameters":[],"links":[],"hidden":false,"retry":false,"extra":{"severity":"normal","retries":[],"categories":[{"name":"Test defects","matchedStatuses":[],"flaky":false}],"tags":[]},"source":"47b1ee4bc01a375d.json","parameterValues":[]}