{"uid":"f867c847dc71465b","name":"Posztok list치z치sa","fullName":"test.test_conduit.TestConduit#test_list","historyId":"beb455abc3c361fa2e45bf3fb7486612","time":{"start":1682381726686,"stop":1682381732006,"duration":5320},"status":"broken","statusMessage":"selenium.common.exceptions.TimeoutException: Message: \nStacktrace:\n#0 0x5565fa575fe3 <unknown>\n#1 0x5565fa2b4d36 <unknown>\n#2 0x5565fa2f1c4d <unknown>\n#3 0x5565fa2f1d61 <unknown>\n#4 0x5565fa32d6a4 <unknown>\n#5 0x5565fa3128ed <unknown>\n#6 0x5565fa32b232 <unknown>\n#7 0x5565fa312693 <unknown>\n#8 0x5565fa2e503a <unknown>\n#9 0x5565fa2e617e <unknown>\n#10 0x5565fa537dbd <unknown>\n#11 0x5565fa53bc6c <unknown>\n#12 0x5565fa5454b0 <unknown>\n#13 0x5565fa53cd63 <unknown>\n#14 0x5565fa50fc35 <unknown>\n#15 0x5565fa560138 <unknown>\n#16 0x5565fa5602c7 <unknown>\n#17 0x5565fa56e093 <unknown>\n#18 0x7f186630cb43 <unknown>","statusTrace":"self = <test_conduit.TestConduit object at 0x7f5222f2e9e0>\n\n    @allure.id('TC8')\n    @allure.title('Posztok list치z치sa')\n    def test_list(self):\n        self.login(TEST_DATA_REGANDLOGIN_POS)\n>       self.page.link_yourfeed().click()\n\ntest/test_conduit.py:86: \n_ _ _ _ _ _ _ _ _ _ _ _ _ _ _ _ _ _ _ _ _ _ _ _ _ _ _ _ _ _ _ _ _ _ _ _ _ _ _ _ \ntest/conduit_page.py:73: in link_yourfeed\n    return WebDriverWait(self.browser, 5).until(\n_ _ _ _ _ _ _ _ _ _ _ _ _ _ _ _ _ _ _ _ _ _ _ _ _ _ _ _ _ _ _ _ _ _ _ _ _ _ _ _ \n\nself = <selenium.webdriver.support.wait.WebDriverWait (session=\"260320a8fb49d6756305c4296a35f54b\")>\nmethod = <function presence_of_element_located.<locals>._predicate at 0x7f5221afc670>\nmessage = ''\n\n    def until(self, method, message: str = \"\"):\n        \"\"\"Calls the method provided with the driver as an argument until the \\\n        return value does not evaluate to ``False``.\n    \n        :param method: callable(WebDriver)\n        :param message: optional message for :exc:`TimeoutException`\n        :returns: the result of the last call to `method`\n        :raises: :exc:`selenium.common.exceptions.TimeoutException` if timeout occurs\n        \"\"\"\n        screen = None\n        stacktrace = None\n    \n        end_time = time.monotonic() + self._timeout\n        while True:\n            try:\n                value = method(self._driver)\n                if value:\n                    return value\n            except self._ignored_exceptions as exc:\n                screen = getattr(exc, \"screen\", None)\n                stacktrace = getattr(exc, \"stacktrace\", None)\n            time.sleep(self._poll)\n            if time.monotonic() > end_time:\n                break\n>       raise TimeoutException(message, screen, stacktrace)\nE       selenium.common.exceptions.TimeoutException: Message: \nE       Stacktrace:\nE       #0 0x5565fa575fe3 <unknown>\nE       #1 0x5565fa2b4d36 <unknown>\nE       #2 0x5565fa2f1c4d <unknown>\nE       #3 0x5565fa2f1d61 <unknown>\nE       #4 0x5565fa32d6a4 <unknown>\nE       #5 0x5565fa3128ed <unknown>\nE       #6 0x5565fa32b232 <unknown>\nE       #7 0x5565fa312693 <unknown>\nE       #8 0x5565fa2e503a <unknown>\nE       #9 0x5565fa2e617e <unknown>\nE       #10 0x5565fa537dbd <unknown>\nE       #11 0x5565fa53bc6c <unknown>\nE       #12 0x5565fa5454b0 <unknown>\nE       #13 0x5565fa53cd63 <unknown>\nE       #14 0x5565fa50fc35 <unknown>\nE       #15 0x5565fa560138 <unknown>\nE       #16 0x5565fa5602c7 <unknown>\nE       #17 0x5565fa56e093 <unknown>\nE       #18 0x7f186630cb43 <unknown>\n\n/opt/hostedtoolcache/Python/3.10.11/x64/lib/python3.10/site-packages/selenium/webdriver/support/wait.py:95: TimeoutException","flaky":false,"newFailed":false,"newBroken":false,"newPassed":false,"retriesCount":0,"retriesStatusChange":false,"beforeStages":[{"name":"_xunit_setup_method_fixture_TestConduit","time":{"start":1682381725657,"stop":1682381726685,"duration":1028},"status":"passed","steps":[],"attachments":[],"parameters":[],"stepsCount":0,"attachmentsCount":0,"shouldDisplayMessage":false,"hasContent":false}],"afterStages":[{"name":"_xunit_setup_method_fixture_TestConduit::0","time":{"start":1682381732017,"stop":1682381732072,"duration":55},"status":"passed","steps":[],"attachments":[],"parameters":[],"stepsCount":0,"attachmentsCount":0,"shouldDisplayMessage":false,"hasContent":false}],"labels":[{"name":"as_id","value":"TC8"},{"name":"parentSuite","value":"test"},{"name":"suite","value":"test_conduit"},{"name":"subSuite","value":"TestConduit"},{"name":"host","value":"fv-az583-193"},{"name":"thread","value":"3029-MainThread"},{"name":"framework","value":"pytest"},{"name":"language","value":"cpython3"},{"name":"package","value":"test.test_conduit"},{"name":"resultFormat","value":"allure2"}],"parameters":[],"links":[],"hidden":false,"retry":false,"extra":{"severity":"normal","retries":[],"categories":[{"name":"Test defects","matchedStatuses":[],"flaky":false}],"tags":[]},"source":"f867c847dc71465b.json","parameterValues":[]}