{"uid":"99a80a3beda5fd96","name":"Posztok list치z치sa","fullName":"test.test_conduit.TestConduit#test_list","historyId":"beb455abc3c361fa2e45bf3fb7486612","time":{"start":1682379373275,"stop":1682379378634,"duration":5359},"status":"broken","statusMessage":"selenium.common.exceptions.TimeoutException: Message: \nStacktrace:\n#0 0x55f0c197afe3 <unknown>\n#1 0x55f0c16b9d36 <unknown>\n#2 0x55f0c16f6c4d <unknown>\n#3 0x55f0c16f6d61 <unknown>\n#4 0x55f0c17326a4 <unknown>\n#5 0x55f0c17178ed <unknown>\n#6 0x55f0c1730232 <unknown>\n#7 0x55f0c1717693 <unknown>\n#8 0x55f0c16ea03a <unknown>\n#9 0x55f0c16eb17e <unknown>\n#10 0x55f0c193cdbd <unknown>\n#11 0x55f0c1940c6c <unknown>\n#12 0x55f0c194a4b0 <unknown>\n#13 0x55f0c1941d63 <unknown>\n#14 0x55f0c1914c35 <unknown>\n#15 0x55f0c1965138 <unknown>\n#16 0x55f0c19652c7 <unknown>\n#17 0x55f0c1973093 <unknown>\n#18 0x7f2caf37db43 <unknown>","statusTrace":"self = <test_conduit.TestConduit object at 0x7f7bbe0d6470>\n\n    @allure.id('TC8')\n    @allure.title('Posztok list치z치sa')\n    def test_list(self):\n        self.login(TEST_DATA_REGANDLOGIN_POS)\n>       self.page.link_yourfeed().click()\n\ntest/test_conduit.py:86: \n_ _ _ _ _ _ _ _ _ _ _ _ _ _ _ _ _ _ _ _ _ _ _ _ _ _ _ _ _ _ _ _ _ _ _ _ _ _ _ _ \ntest/conduit_page.py:73: in link_yourfeed\n    return WebDriverWait(self.browser, 5).until(\n_ _ _ _ _ _ _ _ _ _ _ _ _ _ _ _ _ _ _ _ _ _ _ _ _ _ _ _ _ _ _ _ _ _ _ _ _ _ _ _ \n\nself = <selenium.webdriver.support.wait.WebDriverWait (session=\"ca05791fc92a5f9b2be1ff7c7ce14e62\")>\nmethod = <function presence_of_element_located.<locals>._predicate at 0x7f7bbe0149d0>\nmessage = ''\n\n    def until(self, method, message: str = \"\"):\n        \"\"\"Calls the method provided with the driver as an argument until the \\\n        return value does not evaluate to ``False``.\n    \n        :param method: callable(WebDriver)\n        :param message: optional message for :exc:`TimeoutException`\n        :returns: the result of the last call to `method`\n        :raises: :exc:`selenium.common.exceptions.TimeoutException` if timeout occurs\n        \"\"\"\n        screen = None\n        stacktrace = None\n    \n        end_time = time.monotonic() + self._timeout\n        while True:\n            try:\n                value = method(self._driver)\n                if value:\n                    return value\n            except self._ignored_exceptions as exc:\n                screen = getattr(exc, \"screen\", None)\n                stacktrace = getattr(exc, \"stacktrace\", None)\n            time.sleep(self._poll)\n            if time.monotonic() > end_time:\n                break\n>       raise TimeoutException(message, screen, stacktrace)\nE       selenium.common.exceptions.TimeoutException: Message: \nE       Stacktrace:\nE       #0 0x55f0c197afe3 <unknown>\nE       #1 0x55f0c16b9d36 <unknown>\nE       #2 0x55f0c16f6c4d <unknown>\nE       #3 0x55f0c16f6d61 <unknown>\nE       #4 0x55f0c17326a4 <unknown>\nE       #5 0x55f0c17178ed <unknown>\nE       #6 0x55f0c1730232 <unknown>\nE       #7 0x55f0c1717693 <unknown>\nE       #8 0x55f0c16ea03a <unknown>\nE       #9 0x55f0c16eb17e <unknown>\nE       #10 0x55f0c193cdbd <unknown>\nE       #11 0x55f0c1940c6c <unknown>\nE       #12 0x55f0c194a4b0 <unknown>\nE       #13 0x55f0c1941d63 <unknown>\nE       #14 0x55f0c1914c35 <unknown>\nE       #15 0x55f0c1965138 <unknown>\nE       #16 0x55f0c19652c7 <unknown>\nE       #17 0x55f0c1973093 <unknown>\nE       #18 0x7f2caf37db43 <unknown>\n\n/opt/hostedtoolcache/Python/3.10.11/x64/lib/python3.10/site-packages/selenium/webdriver/support/wait.py:95: TimeoutException","flaky":false,"newFailed":false,"newBroken":false,"newPassed":false,"retriesCount":0,"retriesStatusChange":false,"beforeStages":[{"name":"_xunit_setup_method_fixture_TestConduit","time":{"start":1682379372273,"stop":1682379373275,"duration":1002},"status":"passed","steps":[],"attachments":[],"parameters":[],"stepsCount":0,"attachmentsCount":0,"shouldDisplayMessage":false,"hasContent":false}],"afterStages":[{"name":"_xunit_setup_method_fixture_TestConduit::0","time":{"start":1682379378646,"stop":1682379378702,"duration":56},"status":"passed","steps":[],"attachments":[],"parameters":[],"stepsCount":0,"attachmentsCount":0,"shouldDisplayMessage":false,"hasContent":false}],"labels":[{"name":"as_id","value":"TC8"},{"name":"parentSuite","value":"test"},{"name":"suite","value":"test_conduit"},{"name":"subSuite","value":"TestConduit"},{"name":"host","value":"fv-az354-515"},{"name":"thread","value":"3077-MainThread"},{"name":"framework","value":"pytest"},{"name":"language","value":"cpython3"},{"name":"package","value":"test.test_conduit"},{"name":"resultFormat","value":"allure2"}],"parameters":[],"links":[],"hidden":false,"retry":false,"extra":{"severity":"normal","retries":[],"categories":[{"name":"Test defects","matchedStatuses":[],"flaky":false}],"tags":[]},"source":"99a80a3beda5fd96.json","parameterValues":[]}