{"uid":"bdadb5b2fe0408e7","name":"Új poszt közzététele","fullName":"test.test_conduit.TestConduit#test_post_new","historyId":"3d1a379a1d0bf55fceb0eb15378fbfc7","time":{"start":1682379386097,"stop":1682379391450,"duration":5353},"status":"broken","statusMessage":"selenium.common.exceptions.TimeoutException: Message: \nStacktrace:\n#0 0x560404034fe3 <unknown>\n#1 0x560403d73d36 <unknown>\n#2 0x560403db0c4d <unknown>\n#3 0x560403db0d61 <unknown>\n#4 0x560403dec6a4 <unknown>\n#5 0x560403dd18ed <unknown>\n#6 0x560403dea232 <unknown>\n#7 0x560403dd1693 <unknown>\n#8 0x560403da403a <unknown>\n#9 0x560403da517e <unknown>\n#10 0x560403ff6dbd <unknown>\n#11 0x560403ffac6c <unknown>\n#12 0x5604040044b0 <unknown>\n#13 0x560403ffbd63 <unknown>\n#14 0x560403fcec35 <unknown>\n#15 0x56040401f138 <unknown>\n#16 0x56040401f2c7 <unknown>\n#17 0x56040402d093 <unknown>\n#18 0x7f63a4213b43 <unknown>","statusTrace":"self = <test_conduit.TestConduit object at 0x7f7bbe0d67d0>\n\n    @allure.id('TC10')\n    @allure.title('Új poszt közzététele')\n    def test_post_new(self):\n        self.login(TEST_DATA_REGANDLOGIN_POS)\n>       self.page.link_new_post().click()\n\ntest/test_conduit.py:104: \n_ _ _ _ _ _ _ _ _ _ _ _ _ _ _ _ _ _ _ _ _ _ _ _ _ _ _ _ _ _ _ _ _ _ _ _ _ _ _ _ \ntest/conduit_page.py:89: in link_new_post\n    return WebDriverWait(self.browser, 5).until(EC.presence_of_element_located((By.XPATH, '//a[@href=\"#/editor\"]')))\n_ _ _ _ _ _ _ _ _ _ _ _ _ _ _ _ _ _ _ _ _ _ _ _ _ _ _ _ _ _ _ _ _ _ _ _ _ _ _ _ \n\nself = <selenium.webdriver.support.wait.WebDriverWait (session=\"6323ac9bc2bca5cc3c3027a48647472b\")>\nmethod = <function presence_of_element_located.<locals>._predicate at 0x7f7bbe015e10>\nmessage = ''\n\n    def until(self, method, message: str = \"\"):\n        \"\"\"Calls the method provided with the driver as an argument until the \\\n        return value does not evaluate to ``False``.\n    \n        :param method: callable(WebDriver)\n        :param message: optional message for :exc:`TimeoutException`\n        :returns: the result of the last call to `method`\n        :raises: :exc:`selenium.common.exceptions.TimeoutException` if timeout occurs\n        \"\"\"\n        screen = None\n        stacktrace = None\n    \n        end_time = time.monotonic() + self._timeout\n        while True:\n            try:\n                value = method(self._driver)\n                if value:\n                    return value\n            except self._ignored_exceptions as exc:\n                screen = getattr(exc, \"screen\", None)\n                stacktrace = getattr(exc, \"stacktrace\", None)\n            time.sleep(self._poll)\n            if time.monotonic() > end_time:\n                break\n>       raise TimeoutException(message, screen, stacktrace)\nE       selenium.common.exceptions.TimeoutException: Message: \nE       Stacktrace:\nE       #0 0x560404034fe3 <unknown>\nE       #1 0x560403d73d36 <unknown>\nE       #2 0x560403db0c4d <unknown>\nE       #3 0x560403db0d61 <unknown>\nE       #4 0x560403dec6a4 <unknown>\nE       #5 0x560403dd18ed <unknown>\nE       #6 0x560403dea232 <unknown>\nE       #7 0x560403dd1693 <unknown>\nE       #8 0x560403da403a <unknown>\nE       #9 0x560403da517e <unknown>\nE       #10 0x560403ff6dbd <unknown>\nE       #11 0x560403ffac6c <unknown>\nE       #12 0x5604040044b0 <unknown>\nE       #13 0x560403ffbd63 <unknown>\nE       #14 0x560403fcec35 <unknown>\nE       #15 0x56040401f138 <unknown>\nE       #16 0x56040401f2c7 <unknown>\nE       #17 0x56040402d093 <unknown>\nE       #18 0x7f63a4213b43 <unknown>\n\n/opt/hostedtoolcache/Python/3.10.11/x64/lib/python3.10/site-packages/selenium/webdriver/support/wait.py:95: TimeoutException","flaky":false,"newFailed":false,"newBroken":false,"newPassed":false,"retriesCount":0,"retriesStatusChange":false,"beforeStages":[{"name":"_xunit_setup_method_fixture_TestConduit","time":{"start":1682379385095,"stop":1682379386096,"duration":1001},"status":"passed","steps":[],"attachments":[],"parameters":[],"stepsCount":0,"attachmentsCount":0,"shouldDisplayMessage":false,"hasContent":false}],"afterStages":[{"name":"_xunit_setup_method_fixture_TestConduit::0","time":{"start":1682379391462,"stop":1682379391518,"duration":56},"status":"passed","steps":[],"attachments":[],"parameters":[],"stepsCount":0,"attachmentsCount":0,"shouldDisplayMessage":false,"hasContent":false}],"labels":[{"name":"as_id","value":"TC10"},{"name":"parentSuite","value":"test"},{"name":"suite","value":"test_conduit"},{"name":"subSuite","value":"TestConduit"},{"name":"host","value":"fv-az354-515"},{"name":"thread","value":"3077-MainThread"},{"name":"framework","value":"pytest"},{"name":"language","value":"cpython3"},{"name":"package","value":"test.test_conduit"},{"name":"resultFormat","value":"allure2"}],"parameters":[],"links":[],"hidden":false,"retry":false,"extra":{"severity":"normal","retries":[],"categories":[{"name":"Test defects","matchedStatuses":[],"flaky":false}],"tags":[]},"source":"bdadb5b2fe0408e7.json","parameterValues":[]}