{"uid":"9e991aa69f8c4e3e","name":"Új poszt közzététele","fullName":"test.test_conduit.TestConduit#test_post_new","historyId":"3d1a379a1d0bf55fceb0eb15378fbfc7","time":{"start":1682383075992,"stop":1682383081321,"duration":5329},"status":"broken","statusMessage":"selenium.common.exceptions.TimeoutException: Message: \nStacktrace:\n#0 0x55e1d1e9efe3 <unknown>\n#1 0x55e1d1bddd36 <unknown>\n#2 0x55e1d1c1ac4d <unknown>\n#3 0x55e1d1c1ad61 <unknown>\n#4 0x55e1d1c566a4 <unknown>\n#5 0x55e1d1c3b8ed <unknown>\n#6 0x55e1d1c54232 <unknown>\n#7 0x55e1d1c3b693 <unknown>\n#8 0x55e1d1c0e03a <unknown>\n#9 0x55e1d1c0f17e <unknown>\n#10 0x55e1d1e60dbd <unknown>\n#11 0x55e1d1e64c6c <unknown>\n#12 0x55e1d1e6e4b0 <unknown>\n#13 0x55e1d1e65d63 <unknown>\n#14 0x55e1d1e38c35 <unknown>\n#15 0x55e1d1e89138 <unknown>\n#16 0x55e1d1e892c7 <unknown>\n#17 0x55e1d1e97093 <unknown>\n#18 0x7f2f3b983b43 <unknown>","statusTrace":"self = <test_conduit.TestConduit object at 0x7f649b1b3130>\n\n    @allure.id('TC10')\n    @allure.title('Új poszt közzététele')\n    def test_post_new(self):\n        self.login(TEST_DATA_REGANDLOGIN_POS)\n>       self.page.link_new_post().click()\n\ntest/test_conduit.py:103: \n_ _ _ _ _ _ _ _ _ _ _ _ _ _ _ _ _ _ _ _ _ _ _ _ _ _ _ _ _ _ _ _ _ _ _ _ _ _ _ _ \ntest/conduit_page.py:89: in link_new_post\n    return WebDriverWait(self.browser, 5).until(EC.presence_of_element_located((By.XPATH, '//a[@href=\"#/editor\"]')))\n_ _ _ _ _ _ _ _ _ _ _ _ _ _ _ _ _ _ _ _ _ _ _ _ _ _ _ _ _ _ _ _ _ _ _ _ _ _ _ _ \n\nself = <selenium.webdriver.support.wait.WebDriverWait (session=\"7e5ddda3c03e95269e30a7119a6b47a2\")>\nmethod = <function presence_of_element_located.<locals>._predicate at 0x7f649aefd5a0>\nmessage = ''\n\n    def until(self, method, message: str = \"\"):\n        \"\"\"Calls the method provided with the driver as an argument until the \\\n        return value does not evaluate to ``False``.\n    \n        :param method: callable(WebDriver)\n        :param message: optional message for :exc:`TimeoutException`\n        :returns: the result of the last call to `method`\n        :raises: :exc:`selenium.common.exceptions.TimeoutException` if timeout occurs\n        \"\"\"\n        screen = None\n        stacktrace = None\n    \n        end_time = time.monotonic() + self._timeout\n        while True:\n            try:\n                value = method(self._driver)\n                if value:\n                    return value\n            except self._ignored_exceptions as exc:\n                screen = getattr(exc, \"screen\", None)\n                stacktrace = getattr(exc, \"stacktrace\", None)\n            time.sleep(self._poll)\n            if time.monotonic() > end_time:\n                break\n>       raise TimeoutException(message, screen, stacktrace)\nE       selenium.common.exceptions.TimeoutException: Message: \nE       Stacktrace:\nE       #0 0x55e1d1e9efe3 <unknown>\nE       #1 0x55e1d1bddd36 <unknown>\nE       #2 0x55e1d1c1ac4d <unknown>\nE       #3 0x55e1d1c1ad61 <unknown>\nE       #4 0x55e1d1c566a4 <unknown>\nE       #5 0x55e1d1c3b8ed <unknown>\nE       #6 0x55e1d1c54232 <unknown>\nE       #7 0x55e1d1c3b693 <unknown>\nE       #8 0x55e1d1c0e03a <unknown>\nE       #9 0x55e1d1c0f17e <unknown>\nE       #10 0x55e1d1e60dbd <unknown>\nE       #11 0x55e1d1e64c6c <unknown>\nE       #12 0x55e1d1e6e4b0 <unknown>\nE       #13 0x55e1d1e65d63 <unknown>\nE       #14 0x55e1d1e38c35 <unknown>\nE       #15 0x55e1d1e89138 <unknown>\nE       #16 0x55e1d1e892c7 <unknown>\nE       #17 0x55e1d1e97093 <unknown>\nE       #18 0x7f2f3b983b43 <unknown>\n\n/opt/hostedtoolcache/Python/3.10.11/x64/lib/python3.10/site-packages/selenium/webdriver/support/wait.py:95: TimeoutException","flaky":false,"newFailed":false,"newBroken":false,"newPassed":false,"retriesCount":0,"retriesStatusChange":false,"beforeStages":[{"name":"_xunit_setup_method_fixture_TestConduit","time":{"start":1682383074987,"stop":1682383075991,"duration":1004},"status":"passed","steps":[],"attachments":[],"parameters":[],"attachmentsCount":0,"shouldDisplayMessage":false,"hasContent":false,"stepsCount":0}],"afterStages":[{"name":"_xunit_setup_method_fixture_TestConduit::0","time":{"start":1682383081331,"stop":1682383081387,"duration":56},"status":"passed","steps":[],"attachments":[],"parameters":[],"attachmentsCount":0,"shouldDisplayMessage":false,"hasContent":false,"stepsCount":0}],"labels":[{"name":"as_id","value":"TC10"},{"name":"parentSuite","value":"test"},{"name":"suite","value":"test_conduit"},{"name":"subSuite","value":"TestConduit"},{"name":"host","value":"fv-az749-772"},{"name":"thread","value":"3146-MainThread"},{"name":"framework","value":"pytest"},{"name":"language","value":"cpython3"},{"name":"package","value":"test.test_conduit"},{"name":"resultFormat","value":"allure2"}],"parameters":[],"links":[],"hidden":false,"retry":false,"extra":{"severity":"normal","retries":[],"categories":[{"name":"Test defects","matchedStatuses":[],"flaky":false}],"tags":[]},"source":"9e991aa69f8c4e3e.json","parameterValues":[]}