{"uid":"d2943e4efdc26182","name":"Bejelentkezés - Helyes felhasználói adatokkal","fullName":"test.test_conduit.TestConduit#test_login_pos","historyId":"9f6376ebcef2e75ef4f876267da95b81","time":{"start":1682286988955,"stop":1682286996458,"duration":7503},"status":"broken","statusMessage":"selenium.common.exceptions.TimeoutException: Message: \nStacktrace:\n#0 0x55f1d1280fe3 <unknown>\n#1 0x55f1d0fbfd36 <unknown>\n#2 0x55f1d0ffcc4d <unknown>\n#3 0x55f1d0ffcd61 <unknown>\n#4 0x55f1d10386a4 <unknown>\n#5 0x55f1d101d8ed <unknown>\n#6 0x55f1d1036232 <unknown>\n#7 0x55f1d101d693 <unknown>\n#8 0x55f1d0ff003a <unknown>\n#9 0x55f1d0ff117e <unknown>\n#10 0x55f1d1242dbd <unknown>\n#11 0x55f1d1246c6c <unknown>\n#12 0x55f1d12504b0 <unknown>\n#13 0x55f1d1247d63 <unknown>\n#14 0x55f1d121ac35 <unknown>\n#15 0x55f1d126b138 <unknown>\n#16 0x55f1d126b2c7 <unknown>\n#17 0x55f1d1279093 <unknown>\n#18 0x7f50328aeb43 <unknown>","statusTrace":"self = <test_conduit.TestConduit object at 0x7f0a3f022b90>\n\n    @allure.id('TC5')\n    @allure.title('Bejelentkezés - Helyes felhasználói adatokkal')\n    def test_login_pos(self):\n        self.registration(TEST_DATA_REGANDLOGIN_POS)\n        time.sleep(1)\n        self.page.button_confirm().click()\n        time.sleep(1)\n>       self.login(TEST_DATA_REGANDLOGIN_POS)\n\ntest/test_conduit.py:100: \n_ _ _ _ _ _ _ _ _ _ _ _ _ _ _ _ _ _ _ _ _ _ _ _ _ _ _ _ _ _ _ _ _ _ _ _ _ _ _ _ \ntest/test_conduit.py:58: in login\n    self.page.link_login().click()\ntest/conduit_page.py:33: in link_login\n    return WebDriverWait(self.browser, 5).until(\n_ _ _ _ _ _ _ _ _ _ _ _ _ _ _ _ _ _ _ _ _ _ _ _ _ _ _ _ _ _ _ _ _ _ _ _ _ _ _ _ \n\nself = <selenium.webdriver.support.wait.WebDriverWait (session=\"27c88bae441dc6ca660e132aaef451c3\")>\nmethod = <function presence_of_element_located.<locals>._predicate at 0x7f0a3dd3db40>\nmessage = ''\n\n    def until(self, method, message: str = \"\"):\n        \"\"\"Calls the method provided with the driver as an argument until the \\\n        return value does not evaluate to ``False``.\n    \n        :param method: callable(WebDriver)\n        :param message: optional message for :exc:`TimeoutException`\n        :returns: the result of the last call to `method`\n        :raises: :exc:`selenium.common.exceptions.TimeoutException` if timeout occurs\n        \"\"\"\n        screen = None\n        stacktrace = None\n    \n        end_time = time.monotonic() + self._timeout\n        while True:\n            try:\n                value = method(self._driver)\n                if value:\n                    return value\n            except self._ignored_exceptions as exc:\n                screen = getattr(exc, \"screen\", None)\n                stacktrace = getattr(exc, \"stacktrace\", None)\n            time.sleep(self._poll)\n            if time.monotonic() > end_time:\n                break\n>       raise TimeoutException(message, screen, stacktrace)\nE       selenium.common.exceptions.TimeoutException: Message: \nE       Stacktrace:\nE       #0 0x55f1d1280fe3 <unknown>\nE       #1 0x55f1d0fbfd36 <unknown>\nE       #2 0x55f1d0ffcc4d <unknown>\nE       #3 0x55f1d0ffcd61 <unknown>\nE       #4 0x55f1d10386a4 <unknown>\nE       #5 0x55f1d101d8ed <unknown>\nE       #6 0x55f1d1036232 <unknown>\nE       #7 0x55f1d101d693 <unknown>\nE       #8 0x55f1d0ff003a <unknown>\nE       #9 0x55f1d0ff117e <unknown>\nE       #10 0x55f1d1242dbd <unknown>\nE       #11 0x55f1d1246c6c <unknown>\nE       #12 0x55f1d12504b0 <unknown>\nE       #13 0x55f1d1247d63 <unknown>\nE       #14 0x55f1d121ac35 <unknown>\nE       #15 0x55f1d126b138 <unknown>\nE       #16 0x55f1d126b2c7 <unknown>\nE       #17 0x55f1d1279093 <unknown>\nE       #18 0x7f50328aeb43 <unknown>\n\n/opt/hostedtoolcache/Python/3.10.11/x64/lib/python3.10/site-packages/selenium/webdriver/support/wait.py:95: TimeoutException","flaky":false,"newFailed":false,"newBroken":false,"newPassed":false,"retriesCount":0,"retriesStatusChange":false,"beforeStages":[{"name":"_xunit_setup_method_fixture_TestConduit","time":{"start":1682286987888,"stop":1682286988954,"duration":1066},"status":"passed","steps":[],"attachments":[],"parameters":[],"stepsCount":0,"attachmentsCount":0,"shouldDisplayMessage":false,"hasContent":false}],"afterStages":[{"name":"_xunit_setup_method_fixture_TestConduit::0","time":{"start":1682286996508,"stop":1682286996563,"duration":55},"status":"passed","steps":[],"attachments":[],"parameters":[],"stepsCount":0,"attachmentsCount":0,"shouldDisplayMessage":false,"hasContent":false}],"labels":[{"name":"as_id","value":"TC5"},{"name":"parentSuite","value":"test"},{"name":"suite","value":"test_conduit"},{"name":"subSuite","value":"TestConduit"},{"name":"host","value":"fv-az851-568"},{"name":"thread","value":"3067-MainThread"},{"name":"framework","value":"pytest"},{"name":"language","value":"cpython3"},{"name":"package","value":"test.test_conduit"},{"name":"resultFormat","value":"allure2"}],"parameters":[],"links":[],"hidden":false,"retry":false,"extra":{"severity":"normal","retries":[],"categories":[{"name":"Test defects","matchedStatuses":[],"flaky":false}],"tags":[]},"source":"d2943e4efdc26182.json","parameterValues":[]}