{"uid":"2658d766d66916ad","name":"Posztok list치z치sa","fullName":"test.test_conduit.TestConduit#test_list","historyId":"beb455abc3c361fa2e45bf3fb7486612","time":{"start":1682384082310,"stop":1682384087662,"duration":5352},"status":"broken","statusMessage":"selenium.common.exceptions.TimeoutException: Message: \nStacktrace:\n#0 0x563c49de7fe3 <unknown>\n#1 0x563c49b26d36 <unknown>\n#2 0x563c49b63c4d <unknown>\n#3 0x563c49b63d61 <unknown>\n#4 0x563c49b9f6a4 <unknown>\n#5 0x563c49b848ed <unknown>\n#6 0x563c49b9d232 <unknown>\n#7 0x563c49b84693 <unknown>\n#8 0x563c49b5703a <unknown>\n#9 0x563c49b5817e <unknown>\n#10 0x563c49da9dbd <unknown>\n#11 0x563c49dadc6c <unknown>\n#12 0x563c49db74b0 <unknown>\n#13 0x563c49daed63 <unknown>\n#14 0x563c49d81c35 <unknown>\n#15 0x563c49dd2138 <unknown>\n#16 0x563c49dd22c7 <unknown>\n#17 0x563c49de0093 <unknown>\n#18 0x7fa76f387b43 <unknown>","statusTrace":"self = <test_conduit.TestConduit object at 0x7fc4147327d0>\n\n    @allure.id('TC8')\n    @allure.title('Posztok list치z치sa')\n    def test_list(self):\n        self.login(TEST_DATA_REGANDLOGIN_POS)\n>       self.page.link_yourfeed().click()\n\ntest/test_conduit.py:86: \n_ _ _ _ _ _ _ _ _ _ _ _ _ _ _ _ _ _ _ _ _ _ _ _ _ _ _ _ _ _ _ _ _ _ _ _ _ _ _ _ \ntest/conduit_page.py:73: in link_yourfeed\n    return WebDriverWait(self.browser, 5).until(\n_ _ _ _ _ _ _ _ _ _ _ _ _ _ _ _ _ _ _ _ _ _ _ _ _ _ _ _ _ _ _ _ _ _ _ _ _ _ _ _ \n\nself = <selenium.webdriver.support.wait.WebDriverWait (session=\"1a1e6c89dfe46c46830354634a5c8514\")>\nmethod = <function presence_of_element_located.<locals>._predicate at 0x7fc414648f70>\nmessage = ''\n\n    def until(self, method, message: str = \"\"):\n        \"\"\"Calls the method provided with the driver as an argument until the \\\n        return value does not evaluate to ``False``.\n    \n        :param method: callable(WebDriver)\n        :param message: optional message for :exc:`TimeoutException`\n        :returns: the result of the last call to `method`\n        :raises: :exc:`selenium.common.exceptions.TimeoutException` if timeout occurs\n        \"\"\"\n        screen = None\n        stacktrace = None\n    \n        end_time = time.monotonic() + self._timeout\n        while True:\n            try:\n                value = method(self._driver)\n                if value:\n                    return value\n            except self._ignored_exceptions as exc:\n                screen = getattr(exc, \"screen\", None)\n                stacktrace = getattr(exc, \"stacktrace\", None)\n            time.sleep(self._poll)\n            if time.monotonic() > end_time:\n                break\n>       raise TimeoutException(message, screen, stacktrace)\nE       selenium.common.exceptions.TimeoutException: Message: \nE       Stacktrace:\nE       #0 0x563c49de7fe3 <unknown>\nE       #1 0x563c49b26d36 <unknown>\nE       #2 0x563c49b63c4d <unknown>\nE       #3 0x563c49b63d61 <unknown>\nE       #4 0x563c49b9f6a4 <unknown>\nE       #5 0x563c49b848ed <unknown>\nE       #6 0x563c49b9d232 <unknown>\nE       #7 0x563c49b84693 <unknown>\nE       #8 0x563c49b5703a <unknown>\nE       #9 0x563c49b5817e <unknown>\nE       #10 0x563c49da9dbd <unknown>\nE       #11 0x563c49dadc6c <unknown>\nE       #12 0x563c49db74b0 <unknown>\nE       #13 0x563c49daed63 <unknown>\nE       #14 0x563c49d81c35 <unknown>\nE       #15 0x563c49dd2138 <unknown>\nE       #16 0x563c49dd22c7 <unknown>\nE       #17 0x563c49de0093 <unknown>\nE       #18 0x7fa76f387b43 <unknown>\n\n/opt/hostedtoolcache/Python/3.10.11/x64/lib/python3.10/site-packages/selenium/webdriver/support/wait.py:95: TimeoutException","flaky":false,"newFailed":false,"newBroken":false,"newPassed":false,"retriesCount":0,"retriesStatusChange":false,"beforeStages":[{"name":"_xunit_setup_method_fixture_TestConduit","time":{"start":1682384081285,"stop":1682384082310,"duration":1025},"status":"passed","steps":[],"attachments":[],"parameters":[],"stepsCount":0,"attachmentsCount":0,"shouldDisplayMessage":false,"hasContent":false}],"afterStages":[{"name":"_xunit_setup_method_fixture_TestConduit::0","time":{"start":1682384087676,"stop":1682384087732,"duration":56},"status":"passed","steps":[],"attachments":[],"parameters":[],"stepsCount":0,"attachmentsCount":0,"shouldDisplayMessage":false,"hasContent":false}],"labels":[{"name":"as_id","value":"TC8"},{"name":"parentSuite","value":"test"},{"name":"suite","value":"test_conduit"},{"name":"subSuite","value":"TestConduit"},{"name":"host","value":"fv-az555-154"},{"name":"thread","value":"3142-MainThread"},{"name":"framework","value":"pytest"},{"name":"language","value":"cpython3"},{"name":"package","value":"test.test_conduit"},{"name":"resultFormat","value":"allure2"}],"parameters":[],"links":[],"hidden":false,"retry":false,"extra":{"severity":"normal","retries":[],"categories":[{"name":"Test defects","matchedStatuses":[],"flaky":false}],"tags":[]},"source":"2658d766d66916ad.json","parameterValues":[]}