{"uid":"13deaf0212ef1de4","name":"Komment törlése","fullName":"test.test_conduit.TestConduit#test_delete_comment","historyId":"b13abe8dea944e6ace929e59c359b78e","time":{"start":1682265785136,"stop":1682265791204,"duration":6068},"status":"broken","statusMessage":"selenium.common.exceptions.TimeoutException: Message: \nStacktrace:\n#0 0x55c49e532fe3 <unknown>\n#1 0x55c49e271d36 <unknown>\n#2 0x55c49e2aec4d <unknown>\n#3 0x55c49e2aed61 <unknown>\n#4 0x55c49e2ea6a4 <unknown>\n#5 0x55c49e2cf8ed <unknown>\n#6 0x55c49e2e8232 <unknown>\n#7 0x55c49e2cf693 <unknown>\n#8 0x55c49e2a203a <unknown>\n#9 0x55c49e2a317e <unknown>\n#10 0x55c49e4f4dbd <unknown>\n#11 0x55c49e4f8c6c <unknown>\n#12 0x55c49e5024b0 <unknown>\n#13 0x55c49e4f9d63 <unknown>\n#14 0x55c49e4ccc35 <unknown>\n#15 0x55c49e51d138 <unknown>\n#16 0x55c49e51d2c7 <unknown>\n#17 0x55c49e52b093 <unknown>\n#18 0x7fdaff82cb43 <unknown>","statusTrace":"self = <test_conduit.TestConduit object at 0x7f0f98fba530>\n\n    @allure.id('TC12')\n    @allure.title('Komment törlése')\n    def test_delete_comment(self):\n        self.test_login_pos()\n        self.page.links_posts()[0].click()\n    \n        # első komment szövegének kinyerése\n>       comment_text = self.page.p_comment().text\n\ntest/test_conduit.py:163: \n_ _ _ _ _ _ _ _ _ _ _ _ _ _ _ _ _ _ _ _ _ _ _ _ _ _ _ _ _ _ _ _ _ _ _ _ _ _ _ _ \ntest/conduit_page.py:127: in p_comment\n    return WebDriverWait(self.browser, 5).until(\n_ _ _ _ _ _ _ _ _ _ _ _ _ _ _ _ _ _ _ _ _ _ _ _ _ _ _ _ _ _ _ _ _ _ _ _ _ _ _ _ \n\nself = <selenium.webdriver.support.wait.WebDriverWait (session=\"a46e6197f5b15b405f452f8dd4d9cda1\")>\nmethod = <function presence_of_element_located.<locals>._predicate at 0x7f0f98cf7d00>\nmessage = ''\n\n    def until(self, method, message: str = \"\"):\n        \"\"\"Calls the method provided with the driver as an argument until the \\\n        return value does not evaluate to ``False``.\n    \n        :param method: callable(WebDriver)\n        :param message: optional message for :exc:`TimeoutException`\n        :returns: the result of the last call to `method`\n        :raises: :exc:`selenium.common.exceptions.TimeoutException` if timeout occurs\n        \"\"\"\n        screen = None\n        stacktrace = None\n    \n        end_time = time.monotonic() + self._timeout\n        while True:\n            try:\n                value = method(self._driver)\n                if value:\n                    return value\n            except self._ignored_exceptions as exc:\n                screen = getattr(exc, \"screen\", None)\n                stacktrace = getattr(exc, \"stacktrace\", None)\n            time.sleep(self._poll)\n            if time.monotonic() > end_time:\n                break\n>       raise TimeoutException(message, screen, stacktrace)\nE       selenium.common.exceptions.TimeoutException: Message: \nE       Stacktrace:\nE       #0 0x55c49e532fe3 <unknown>\nE       #1 0x55c49e271d36 <unknown>\nE       #2 0x55c49e2aec4d <unknown>\nE       #3 0x55c49e2aed61 <unknown>\nE       #4 0x55c49e2ea6a4 <unknown>\nE       #5 0x55c49e2cf8ed <unknown>\nE       #6 0x55c49e2e8232 <unknown>\nE       #7 0x55c49e2cf693 <unknown>\nE       #8 0x55c49e2a203a <unknown>\nE       #9 0x55c49e2a317e <unknown>\nE       #10 0x55c49e4f4dbd <unknown>\nE       #11 0x55c49e4f8c6c <unknown>\nE       #12 0x55c49e5024b0 <unknown>\nE       #13 0x55c49e4f9d63 <unknown>\nE       #14 0x55c49e4ccc35 <unknown>\nE       #15 0x55c49e51d138 <unknown>\nE       #16 0x55c49e51d2c7 <unknown>\nE       #17 0x55c49e52b093 <unknown>\nE       #18 0x7fdaff82cb43 <unknown>\n\n/opt/hostedtoolcache/Python/3.10.11/x64/lib/python3.10/site-packages/selenium/webdriver/support/wait.py:95: TimeoutException","flaky":false,"newFailed":false,"newBroken":false,"newPassed":false,"retriesCount":0,"retriesStatusChange":false,"beforeStages":[{"name":"_xunit_setup_method_fixture_TestConduit","time":{"start":1682265784121,"stop":1682265785136,"duration":1015},"status":"passed","steps":[],"attachments":[],"parameters":[],"stepsCount":0,"attachmentsCount":0,"shouldDisplayMessage":false,"hasContent":false}],"afterStages":[{"name":"_xunit_setup_method_fixture_TestConduit::0","time":{"start":1682265791219,"stop":1682265791277,"duration":58},"status":"passed","steps":[],"attachments":[],"parameters":[],"stepsCount":0,"attachmentsCount":0,"shouldDisplayMessage":false,"hasContent":false}],"labels":[{"name":"as_id","value":"TC12"},{"name":"parentSuite","value":"test"},{"name":"suite","value":"test_conduit"},{"name":"subSuite","value":"TestConduit"},{"name":"host","value":"fv-az446-561"},{"name":"thread","value":"3114-MainThread"},{"name":"framework","value":"pytest"},{"name":"language","value":"cpython3"},{"name":"package","value":"test.test_conduit"},{"name":"resultFormat","value":"allure2"}],"parameters":[],"links":[],"hidden":false,"retry":false,"extra":{"severity":"normal","retries":[],"categories":[{"name":"Test defects","matchedStatuses":[],"flaky":false}],"tags":[]},"source":"13deaf0212ef1de4.json","parameterValues":[]}