{"uid":"5ceb576629851e40","name":"Bejelentkezés - Helyes felhasználói adatokkal","fullName":"test.test_conduit.TestConduit#test_login_pos","historyId":"9f6376ebcef2e75ef4f876267da95b81","time":{"start":1682377445926,"stop":1682377453411,"duration":7485},"status":"broken","statusMessage":"selenium.common.exceptions.TimeoutException: Message: \nStacktrace:\n#0 0x55b03dd54fe3 <unknown>\n#1 0x55b03da93d36 <unknown>\n#2 0x55b03dad0c4d <unknown>\n#3 0x55b03dad0d61 <unknown>\n#4 0x55b03db0c6a4 <unknown>\n#5 0x55b03daf18ed <unknown>\n#6 0x55b03db0a232 <unknown>\n#7 0x55b03daf1693 <unknown>\n#8 0x55b03dac403a <unknown>\n#9 0x55b03dac517e <unknown>\n#10 0x55b03dd16dbd <unknown>\n#11 0x55b03dd1ac6c <unknown>\n#12 0x55b03dd244b0 <unknown>\n#13 0x55b03dd1bd63 <unknown>\n#14 0x55b03dceec35 <unknown>\n#15 0x55b03dd3f138 <unknown>\n#16 0x55b03dd3f2c7 <unknown>\n#17 0x55b03dd4d093 <unknown>\n#18 0x7f3b195a9b43 <unknown>","statusTrace":"self = <test_conduit.TestConduit object at 0x7fa4635de440>\n\n    @allure.id('TC5')\n    @allure.title('Bejelentkezés - Helyes felhasználói adatokkal')\n    def test_login_pos(self):\n        self.registration(TEST_DATA_REGANDLOGIN_POS)\n        time.sleep(1)\n        self.page.button_confirm().click()\n        time.sleep(1)\n>       self.login(TEST_DATA_REGANDLOGIN_POS)\n\ntest/test_conduit.py:67: \n_ _ _ _ _ _ _ _ _ _ _ _ _ _ _ _ _ _ _ _ _ _ _ _ _ _ _ _ _ _ _ _ _ _ _ _ _ _ _ _ \ntest/test_conduit.py:29: in login\n    self.page.link_login().click()\ntest/conduit_page.py:32: in link_login\n    return WebDriverWait(self.browser, 5).until(\n_ _ _ _ _ _ _ _ _ _ _ _ _ _ _ _ _ _ _ _ _ _ _ _ _ _ _ _ _ _ _ _ _ _ _ _ _ _ _ _ \n\nself = <selenium.webdriver.support.wait.WebDriverWait (session=\"ea415892d82659bef94a03b262b4164c\")>\nmethod = <function presence_of_element_located.<locals>._predicate at 0x7fa4634f1b40>\nmessage = ''\n\n    def until(self, method, message: str = \"\"):\n        \"\"\"Calls the method provided with the driver as an argument until the \\\n        return value does not evaluate to ``False``.\n    \n        :param method: callable(WebDriver)\n        :param message: optional message for :exc:`TimeoutException`\n        :returns: the result of the last call to `method`\n        :raises: :exc:`selenium.common.exceptions.TimeoutException` if timeout occurs\n        \"\"\"\n        screen = None\n        stacktrace = None\n    \n        end_time = time.monotonic() + self._timeout\n        while True:\n            try:\n                value = method(self._driver)\n                if value:\n                    return value\n            except self._ignored_exceptions as exc:\n                screen = getattr(exc, \"screen\", None)\n                stacktrace = getattr(exc, \"stacktrace\", None)\n            time.sleep(self._poll)\n            if time.monotonic() > end_time:\n                break\n>       raise TimeoutException(message, screen, stacktrace)\nE       selenium.common.exceptions.TimeoutException: Message: \nE       Stacktrace:\nE       #0 0x55b03dd54fe3 <unknown>\nE       #1 0x55b03da93d36 <unknown>\nE       #2 0x55b03dad0c4d <unknown>\nE       #3 0x55b03dad0d61 <unknown>\nE       #4 0x55b03db0c6a4 <unknown>\nE       #5 0x55b03daf18ed <unknown>\nE       #6 0x55b03db0a232 <unknown>\nE       #7 0x55b03daf1693 <unknown>\nE       #8 0x55b03dac403a <unknown>\nE       #9 0x55b03dac517e <unknown>\nE       #10 0x55b03dd16dbd <unknown>\nE       #11 0x55b03dd1ac6c <unknown>\nE       #12 0x55b03dd244b0 <unknown>\nE       #13 0x55b03dd1bd63 <unknown>\nE       #14 0x55b03dceec35 <unknown>\nE       #15 0x55b03dd3f138 <unknown>\nE       #16 0x55b03dd3f2c7 <unknown>\nE       #17 0x55b03dd4d093 <unknown>\nE       #18 0x7f3b195a9b43 <unknown>\n\n/opt/hostedtoolcache/Python/3.10.11/x64/lib/python3.10/site-packages/selenium/webdriver/support/wait.py:95: TimeoutException","flaky":false,"newFailed":false,"newBroken":false,"newPassed":false,"retriesCount":0,"retriesStatusChange":false,"beforeStages":[{"name":"_xunit_setup_method_fixture_TestConduit","time":{"start":1682377444870,"stop":1682377445925,"duration":1055},"status":"passed","steps":[],"attachments":[],"parameters":[],"stepsCount":0,"attachmentsCount":0,"shouldDisplayMessage":false,"hasContent":false}],"afterStages":[{"name":"_xunit_setup_method_fixture_TestConduit::0","time":{"start":1682377453459,"stop":1682377453514,"duration":55},"status":"passed","steps":[],"attachments":[],"parameters":[],"stepsCount":0,"attachmentsCount":0,"shouldDisplayMessage":false,"hasContent":false}],"labels":[{"name":"as_id","value":"TC5"},{"name":"parentSuite","value":"test"},{"name":"suite","value":"test_conduit"},{"name":"subSuite","value":"TestConduit"},{"name":"host","value":"fv-az553-113"},{"name":"thread","value":"3072-MainThread"},{"name":"framework","value":"pytest"},{"name":"language","value":"cpython3"},{"name":"package","value":"test.test_conduit"},{"name":"resultFormat","value":"allure2"}],"parameters":[],"links":[],"hidden":false,"retry":false,"extra":{"severity":"normal","retries":[],"categories":[{"name":"Test defects","matchedStatuses":[],"flaky":false}],"tags":[]},"source":"5ceb576629851e40.json","parameterValues":[]}