{"uid":"1185364228b67b83","name":"Posztok list치z치sa","fullName":"test.test_conduit.TestConduit#test_list","historyId":"beb455abc3c361fa2e45bf3fb7486612","time":{"start":1682382565399,"stop":1682382570764,"duration":5365},"status":"broken","statusMessage":"selenium.common.exceptions.TimeoutException: Message: \nStacktrace:\n#0 0x5574155a5fe3 <unknown>\n#1 0x5574152e4d36 <unknown>\n#2 0x557415321c4d <unknown>\n#3 0x557415321d61 <unknown>\n#4 0x55741535d6a4 <unknown>\n#5 0x5574153428ed <unknown>\n#6 0x55741535b232 <unknown>\n#7 0x557415342693 <unknown>\n#8 0x55741531503a <unknown>\n#9 0x55741531617e <unknown>\n#10 0x557415567dbd <unknown>\n#11 0x55741556bc6c <unknown>\n#12 0x5574155754b0 <unknown>\n#13 0x55741556cd63 <unknown>\n#14 0x55741553fc35 <unknown>\n#15 0x557415590138 <unknown>\n#16 0x5574155902c7 <unknown>\n#17 0x55741559e093 <unknown>\n#18 0x7ffbb8d56b43 <unknown>","statusTrace":"self = <test_conduit.TestConduit object at 0x7f299265a980>\n\n    @allure.id('TC8')\n    @allure.title('Posztok list치z치sa')\n    def test_list(self):\n        self.login(TEST_DATA_REGANDLOGIN_POS)\n>       self.page.link_yourfeed().click()\n\ntest/test_conduit.py:86: \n_ _ _ _ _ _ _ _ _ _ _ _ _ _ _ _ _ _ _ _ _ _ _ _ _ _ _ _ _ _ _ _ _ _ _ _ _ _ _ _ \ntest/conduit_page.py:76: in link_yourfeed\n    return WebDriverWait(self.browser, 5).until(\n_ _ _ _ _ _ _ _ _ _ _ _ _ _ _ _ _ _ _ _ _ _ _ _ _ _ _ _ _ _ _ _ _ _ _ _ _ _ _ _ \n\nself = <selenium.webdriver.support.wait.WebDriverWait (session=\"2a436b5a4030289d1748b9ac955198dd\")>\nmethod = <function presence_of_element_located.<locals>._predicate at 0x7f2992214a60>\nmessage = ''\n\n    def until(self, method, message: str = \"\"):\n        \"\"\"Calls the method provided with the driver as an argument until the \\\n        return value does not evaluate to ``False``.\n    \n        :param method: callable(WebDriver)\n        :param message: optional message for :exc:`TimeoutException`\n        :returns: the result of the last call to `method`\n        :raises: :exc:`selenium.common.exceptions.TimeoutException` if timeout occurs\n        \"\"\"\n        screen = None\n        stacktrace = None\n    \n        end_time = time.monotonic() + self._timeout\n        while True:\n            try:\n                value = method(self._driver)\n                if value:\n                    return value\n            except self._ignored_exceptions as exc:\n                screen = getattr(exc, \"screen\", None)\n                stacktrace = getattr(exc, \"stacktrace\", None)\n            time.sleep(self._poll)\n            if time.monotonic() > end_time:\n                break\n>       raise TimeoutException(message, screen, stacktrace)\nE       selenium.common.exceptions.TimeoutException: Message: \nE       Stacktrace:\nE       #0 0x5574155a5fe3 <unknown>\nE       #1 0x5574152e4d36 <unknown>\nE       #2 0x557415321c4d <unknown>\nE       #3 0x557415321d61 <unknown>\nE       #4 0x55741535d6a4 <unknown>\nE       #5 0x5574153428ed <unknown>\nE       #6 0x55741535b232 <unknown>\nE       #7 0x557415342693 <unknown>\nE       #8 0x55741531503a <unknown>\nE       #9 0x55741531617e <unknown>\nE       #10 0x557415567dbd <unknown>\nE       #11 0x55741556bc6c <unknown>\nE       #12 0x5574155754b0 <unknown>\nE       #13 0x55741556cd63 <unknown>\nE       #14 0x55741553fc35 <unknown>\nE       #15 0x557415590138 <unknown>\nE       #16 0x5574155902c7 <unknown>\nE       #17 0x55741559e093 <unknown>\nE       #18 0x7ffbb8d56b43 <unknown>\n\n/opt/hostedtoolcache/Python/3.10.11/x64/lib/python3.10/site-packages/selenium/webdriver/support/wait.py:95: TimeoutException","flaky":false,"newFailed":false,"newBroken":false,"newPassed":false,"retriesCount":0,"retriesStatusChange":false,"beforeStages":[{"name":"_xunit_setup_method_fixture_TestConduit","time":{"start":1682382564321,"stop":1682382565399,"duration":1078},"status":"passed","steps":[],"attachments":[],"parameters":[],"stepsCount":0,"attachmentsCount":0,"shouldDisplayMessage":false,"hasContent":false}],"afterStages":[{"name":"_xunit_setup_method_fixture_TestConduit::0","time":{"start":1682382570776,"stop":1682382570832,"duration":56},"status":"passed","steps":[],"attachments":[],"parameters":[],"stepsCount":0,"attachmentsCount":0,"shouldDisplayMessage":false,"hasContent":false}],"labels":[{"name":"as_id","value":"TC8"},{"name":"parentSuite","value":"test"},{"name":"suite","value":"test_conduit"},{"name":"subSuite","value":"TestConduit"},{"name":"host","value":"fv-az452-291"},{"name":"thread","value":"3085-MainThread"},{"name":"framework","value":"pytest"},{"name":"language","value":"cpython3"},{"name":"package","value":"test.test_conduit"},{"name":"resultFormat","value":"allure2"}],"parameters":[],"links":[],"hidden":false,"retry":false,"extra":{"severity":"normal","retries":[],"categories":[{"name":"Test defects","matchedStatuses":[],"flaky":false}],"tags":[]},"source":"1185364228b67b83.json","parameterValues":[]}